2024-04-29 23:15:25.086 [info] Using settings sync service https://vscode-sync.trafficmanager.net/
2024-04-29 23:15:25.086 [info] Auto Sync is enabled.
2024-04-29 23:15:25.086 [info] Auto Sync: Suspended until auth token is available.
2024-04-29 23:15:26.128 [info] Deleting non existing profile from backup /C:/Users/yuriy/AppData/Roaming/Code/User/sync/extensions
2024-04-29 23:15:26.186 [info] Deleting non existing profile from backup /C:/Users/yuriy/AppData/Roaming/Code/User/sync/globalState
2024-04-29 23:15:26.202 [info] Deleting non existing profile from backup /C:/Users/yuriy/AppData/Roaming/Code/User/sync/keybindings
2024-04-29 23:15:26.226 [info] Deleting non existing profile from backup /C:/Users/yuriy/AppData/Roaming/Code/User/sync/profiles
2024-04-29 23:15:26.236 [info] Deleting non existing profile from backup /C:/Users/yuriy/AppData/Roaming/Code/User/sync/settings
2024-04-29 23:15:26.247 [info] Deleting non existing profile from backup /C:/Users/yuriy/AppData/Roaming/Code/User/sync/snippets
2024-04-29 23:15:26.305 [info] Deleting non existing profile from backup /C:/Users/yuriy/AppData/Roaming/Code/User/sync/tasks
2024-04-29 23:15:26.922 [info] Auto Sync: Triggered by Interval
2024-04-29 23:15:26.923 [info] Sync started.
2024-04-29 23:15:27.374 [info] Settings: Last sync resource does not exist locally.
2024-04-29 23:15:27.759 [info] Settings: No changes found during synchronizing settings.
2024-04-29 23:15:27.771 [info] Keybindings: Last sync resource does not exist locally.
2024-04-29 23:15:27.934 [info] Keybindings: No changes found during synchronizing keybindings.
2024-04-29 23:15:27.937 [info] Snippets: Last sync resource does not exist locally.
2024-04-29 23:15:28.121 [info] Snippets: No changes found during synchronizing snippets.
2024-04-29 23:15:28.149 [info] Tasks: Last sync resource does not exist locally.
2024-04-29 23:15:28.331 [info] Tasks: No changes found during synchronizing tasks.
2024-04-29 23:15:28.334 [info] GlobalState: Last sync resource does not exist locally.
2024-04-29 23:15:28.892 [info] GlobalState: No changes found during synchronizing ui state.
2024-04-29 23:15:28.895 [info] Extensions: Last sync resource does not exist locally.
2024-04-29 23:15:29.254 [info] Extensions: No changes found during synchronizing extensions.
2024-04-29 23:15:29.255 [info] Profiles: Last sync resource does not exist locally.
2024-04-29 23:15:29.426 [info] Profiles: No changes found during synchronizing profiles.
2024-04-29 23:15:29.434 [info] Sync done. Took 2511ms
2024-04-29 23:16:33.195 [info] Auto Sync: Triggered by Activity
2024-04-29 23:16:33.195 [info] Sync started.
2024-04-29 23:16:33.326 [info] Settings: No changes found during synchronizing settings.
2024-04-29 23:16:33.336 [info] Keybindings: No changes found during synchronizing keybindings.
2024-04-29 23:16:33.349 [info] Snippets: No changes found during synchronizing snippets.
2024-04-29 23:16:33.355 [info] Tasks: No changes found during synchronizing tasks.
2024-04-29 23:16:33.362 [info] GlobalState: No changes found during synchronizing ui state.
2024-04-29 23:16:33.502 [info] Extensions: No changes found during synchronizing extensions.
2024-04-29 23:16:33.506 [info] Profiles: No changes found during synchronizing profiles.
2024-04-29 23:16:33.509 [info] Sync done. Took 315ms
2024-04-29 23:18:24.211 [info] Auto Sync: Triggered by Activity
2024-04-29 23:18:24.212 [info] Sync started.
2024-04-29 23:18:24.324 [info] Settings: No changes found during synchronizing settings.
2024-04-29 23:18:24.333 [info] Keybindings: No changes found during synchronizing keybindings.
2024-04-29 23:18:24.346 [info] Snippets: No changes found during synchronizing snippets.
2024-04-29 23:18:24.355 [info] Tasks: No changes found during synchronizing tasks.
2024-04-29 23:18:24.363 [info] GlobalState: No changes found during synchronizing ui state.
2024-04-29 23:18:24.487 [info] Extensions: No changes found during synchronizing extensions.
2024-04-29 23:18:24.490 [info] Profiles: No changes found during synchronizing profiles.
2024-04-29 23:18:24.492 [info] Sync done. Took 282ms
2024-04-29 23:18:40.125 [info] Auto Sync: Triggered by Activity
2024-04-29 23:18:40.126 [info] Sync started.
2024-04-29 23:18:40.236 [info] Settings: No changes found during synchronizing settings.
2024-04-29 23:18:40.245 [info] Keybindings: No changes found during synchronizing keybindings.
2024-04-29 23:18:40.256 [info] Snippets: No changes found during synchronizing snippets.
2024-04-29 23:18:40.263 [info] Tasks: No changes found during synchronizing tasks.
2024-04-29 23:18:40.269 [info] GlobalState: No changes found during synchronizing ui state.
2024-04-29 23:18:40.419 [info] Extensions: No changes found during synchronizing extensions.
2024-04-29 23:18:40.422 [info] Profiles: No changes found during synchronizing profiles.
2024-04-29 23:18:40.424 [info] Sync done. Took 299ms
2024-04-29 23:19:57.620 [info] Auto Sync: Triggered by Activity
2024-04-29 23:19:57.620 [info] Sync started.
2024-04-29 23:19:58.182 [info] Settings: No changes found during synchronizing settings.
2024-04-29 23:19:58.191 [info] Keybindings: No changes found during synchronizing keybindings.
2024-04-29 23:19:58.204 [info] Snippets: No changes found during synchronizing snippets.
2024-04-29 23:19:58.211 [info] Tasks: No changes found during synchronizing tasks.
2024-04-29 23:19:58.219 [info] GlobalState: No changes found during synchronizing ui state.
2024-04-29 23:19:58.333 [info] Extensions: No changes found during synchronizing extensions.
2024-04-29 23:19:58.337 [info] Profiles: No changes found during synchronizing profiles.
2024-04-29 23:19:58.339 [info] Sync done. Took 719ms
2024-04-29 23:20:40.223 [info] Auto Sync: Triggered by Activity
2024-04-29 23:20:40.223 [info] Sync started.
2024-04-29 23:20:40.330 [info] Settings: No changes found during synchronizing settings.
2024-04-29 23:20:40.338 [info] Keybindings: No changes found during synchronizing keybindings.
2024-04-29 23:20:40.349 [info] Snippets: No changes found during synchronizing snippets.
2024-04-29 23:20:40.356 [info] Tasks: No changes found during synchronizing tasks.
2024-04-29 23:20:40.363 [info] GlobalState: No changes found during synchronizing ui state.
2024-04-29 23:20:40.498 [info] Extensions: No changes found during synchronizing extensions.
2024-04-29 23:20:40.502 [info] Profiles: No changes found during synchronizing profiles.
2024-04-29 23:20:40.505 [info] Sync done. Took 283ms
2024-04-29 23:21:46.181 [info] Auto Sync: Triggered by Activity
2024-04-29 23:21:46.181 [info] Sync started.
2024-04-29 23:21:46.294 [info] Settings: No changes found during synchronizing settings.
2024-04-29 23:21:46.303 [info] Keybindings: No changes found during synchronizing keybindings.
2024-04-29 23:21:46.315 [info] Snippets: No changes found during synchronizing snippets.
2024-04-29 23:21:46.322 [info] Tasks: No changes found during synchronizing tasks.
2024-04-29 23:21:46.330 [info] GlobalState: No changes found during synchronizing ui state.
2024-04-29 23:21:46.443 [info] Extensions: No changes found during synchronizing extensions.
2024-04-29 23:21:46.446 [info] Profiles: No changes found during synchronizing profiles.
2024-04-29 23:21:46.448 [info] Sync done. Took 268ms
2024-04-29 23:22:31.536 [info] Auto Sync: Triggered by Activity
2024-04-29 23:22:31.537 [info] Sync started.
2024-04-29 23:22:31.983 [info] Settings: Updated remote settings
2024-04-29 23:22:32.025 [info] Settings: Updated last synchronized settings
2024-04-29 23:22:32.034 [info] Keybindings: No changes found during synchronizing keybindings.
2024-04-29 23:22:32.043 [info] Snippets: No changes found during synchronizing snippets.
2024-04-29 23:22:32.049 [info] Tasks: No changes found during synchronizing tasks.
2024-04-29 23:22:32.054 [info] GlobalState: No changes found during synchronizing ui state.
2024-04-29 23:22:32.213 [info] Extensions: No changes found during synchronizing extensions.
2024-04-29 23:22:32.217 [info] Profiles: No changes found during synchronizing profiles.
2024-04-29 23:22:32.220 [info] Sync done. Took 684ms
2024-04-29 23:22:59.838 [info] Auto Sync: Triggered by Activity
2024-04-29 23:22:59.838 [info] Sync started.
2024-04-29 23:22:59.938 [info] Settings: No changes found during synchronizing settings.
2024-04-29 23:22:59.943 [info] Keybindings: No changes found during synchronizing keybindings.
2024-04-29 23:22:59.953 [info] Snippets: No changes found during synchronizing snippets.
2024-04-29 23:22:59.958 [info] Tasks: No changes found during synchronizing tasks.
2024-04-29 23:22:59.965 [info] GlobalState: No changes found during synchronizing ui state.
2024-04-29 23:23:00.091 [info] Extensions: No changes found during synchronizing extensions.
2024-04-29 23:23:00.094 [info] Profiles: No changes found during synchronizing profiles.
2024-04-29 23:23:00.097 [info] Sync done. Took 260ms
2024-04-29 23:23:45.843 [info] Auto Sync: Triggered by Activity
2024-04-29 23:23:45.844 [info] Sync started.
2024-04-29 23:23:45.952 [info] Settings: No changes found during synchronizing settings.
2024-04-29 23:23:45.961 [info] Keybindings: No changes found during synchronizing keybindings.
2024-04-29 23:23:45.974 [info] Snippets: No changes found during synchronizing snippets.
2024-04-29 23:23:45.980 [info] Tasks: No changes found during synchronizing tasks.
2024-04-29 23:23:45.985 [info] GlobalState: No changes found during synchronizing ui state.
2024-04-29 23:23:46.134 [info] Extensions: No changes found during synchronizing extensions.
2024-04-29 23:23:46.137 [info] Profiles: No changes found during synchronizing profiles.
2024-04-29 23:23:46.140 [info] Sync done. Took 298ms
2024-04-29 23:25:28.613 [info] Auto Sync: Triggered by Activity
2024-04-29 23:25:28.613 [info] Sync started.
2024-04-29 23:25:29.069 [info] Settings: Updated remote settings
2024-04-29 23:25:29.137 [info] Settings: Updated last synchronized settings
2024-04-29 23:25:29.147 [info] Keybindings: No changes found during synchronizing keybindings.
2024-04-29 23:25:29.160 [info] Snippets: No changes found during synchronizing snippets.
2024-04-29 23:25:29.169 [info] Tasks: No changes found during synchronizing tasks.
2024-04-29 23:25:29.178 [info] GlobalState: No changes found during synchronizing ui state.
2024-04-29 23:25:29.311 [info] Extensions: No changes found during synchronizing extensions.
2024-04-29 23:25:29.316 [info] Profiles: No changes found during synchronizing profiles.
2024-04-29 23:25:29.318 [info] Sync done. Took 707ms
2024-04-29 23:26:06.039 [info] Auto Sync: Triggered by Activity
2024-04-29 23:26:06.039 [info] Sync started.
2024-04-29 23:26:06.150 [info] Settings: No changes found during synchronizing settings.
2024-04-29 23:26:06.160 [info] Keybindings: No changes found during synchronizing keybindings.
2024-04-29 23:26:06.172 [info] Snippets: No changes found during synchronizing snippets.
2024-04-29 23:26:06.181 [info] Tasks: No changes found during synchronizing tasks.
2024-04-29 23:26:06.189 [info] GlobalState: No changes found during synchronizing ui state.
2024-04-29 23:26:06.313 [info] Extensions: No changes found during synchronizing extensions.
2024-04-29 23:26:06.316 [info] Profiles: No changes found during synchronizing profiles.
2024-04-29 23:26:06.318 [info] Sync done. Took 280ms
2024-04-29 23:28:07.246 [info] Auto Sync: Triggered by Activity
2024-04-29 23:28:07.247 [info] Sync started.
2024-04-29 23:28:07.349 [info] Settings: No changes found during synchronizing settings.
2024-04-29 23:28:07.355 [info] Keybindings: No changes found during synchronizing keybindings.
2024-04-29 23:28:07.363 [info] Snippets: No changes found during synchronizing snippets.
2024-04-29 23:28:07.371 [info] Tasks: No changes found during synchronizing tasks.
2024-04-29 23:28:07.376 [info] GlobalState: No changes found during synchronizing ui state.
2024-04-29 23:28:07.486 [info] Extensions: No changes found during synchronizing extensions.
2024-04-29 23:28:07.487 [info] Profiles: No changes found during synchronizing profiles.
2024-04-29 23:28:07.489 [info] Sync done. Took 243ms
2024-04-29 23:33:07.500 [info] Auto Sync: Triggered by Interval
2024-04-29 23:33:07.501 [info] Sync started.
2024-04-29 23:33:08.350 [info] Settings: No changes found during synchronizing settings.
2024-04-29 23:33:08.358 [info] Keybindings: No changes found during synchronizing keybindings.
2024-04-29 23:33:08.372 [info] Snippets: No changes found during synchronizing snippets.
2024-04-29 23:33:08.380 [info] Tasks: No changes found during synchronizing tasks.
2024-04-29 23:33:08.386 [info] GlobalState: No changes found during synchronizing ui state.
2024-04-29 23:33:08.518 [info] Extensions: No changes found during synchronizing extensions.
2024-04-29 23:33:08.519 [info] Profiles: No changes found during synchronizing profiles.
2024-04-29 23:33:08.521 [info] Sync done. Took 1022ms
2024-04-29 23:33:34.074 [info] Auto Sync: Triggered by Activity
2024-04-29 23:33:34.074 [info] Sync started.
2024-04-29 23:33:34.181 [info] Settings: No changes found during synchronizing settings.
2024-04-29 23:33:34.191 [info] Keybindings: No changes found during synchronizing keybindings.
2024-04-29 23:33:34.204 [info] Snippets: No changes found during synchronizing snippets.
2024-04-29 23:33:34.212 [info] Tasks: No changes found during synchronizing tasks.
2024-04-29 23:33:34.219 [info] GlobalState: No changes found during synchronizing ui state.
2024-04-29 23:33:34.890 [info] Extensions: Updated remote extensions. Added: ["streetsidesoftware.code-spell-checker-spanish"].
2024-04-29 23:33:34.936 [info] Extensions: Updated last synchronized extensions.
2024-04-29 23:33:34.943 [info] Profiles: No changes found during synchronizing profiles.
2024-04-29 23:33:34.946 [info] Sync done. Took 873ms
2024-04-29 23:34:09.129 [info] Auto Sync: Triggered by Activity
2024-04-29 23:34:09.130 [info] Sync started.
2024-04-29 23:34:09.230 [info] Settings: No changes found during synchronizing settings.
2024-04-29 23:34:09.240 [info] Keybindings: No changes found during synchronizing keybindings.
2024-04-29 23:34:09.253 [info] Snippets: No changes found during synchronizing snippets.
2024-04-29 23:34:09.262 [info] Tasks: No changes found during synchronizing tasks.
2024-04-29 23:34:09.269 [info] GlobalState: No changes found during synchronizing ui state.
2024-04-29 23:34:09.976 [info] Extensions: Updated remote extensions. Updated: ["streetsidesoftware.code-spell-checker","streetsidesoftware.code-spell-checker-portuguese-brazilian","streetsidesoftware.code-spell-checker-spanish"].
2024-04-29 23:34:10.021 [info] Extensions: Updated last synchronized extensions.
2024-04-29 23:34:10.028 [info] Profiles: No changes found during synchronizing profiles.
2024-04-29 23:34:10.032 [info] Sync done. Took 903ms
2024-04-29 23:34:25.146 [info] Auto Sync: Triggered by Activity
2024-04-29 23:34:25.146 [info] Sync started.
2024-04-29 23:34:25.253 [info] Settings: No changes found during synchronizing settings.
2024-04-29 23:34:25.260 [info] Keybindings: No changes found during synchronizing keybindings.
2024-04-29 23:34:25.271 [info] Snippets: No changes found during synchronizing snippets.
2024-04-29 23:34:25.278 [info] Tasks: No changes found during synchronizing tasks.
2024-04-29 23:34:25.284 [info] GlobalState: No changes found during synchronizing ui state.
2024-04-29 23:34:25.388 [info] Extensions: No changes found during synchronizing extensions.
2024-04-29 23:34:25.390 [info] Profiles: No changes found during synchronizing profiles.
2024-04-29 23:34:25.392 [info] Sync done. Took 247ms
2024-04-29 23:34:59.644 [info] Auto Sync: Triggered by Activity
2024-04-29 23:34:59.644 [info] Sync started.
2024-04-29 23:34:59.763 [info] Settings: No changes found during synchronizing settings.
2024-04-29 23:34:59.771 [info] Keybindings: No changes found during synchronizing keybindings.
2024-04-29 23:34:59.783 [info] Snippets: No changes found during synchronizing snippets.
2024-04-29 23:34:59.790 [info] Tasks: No changes found during synchronizing tasks.
2024-04-29 23:34:59.796 [info] GlobalState: No changes found during synchronizing ui state.
2024-04-29 23:35:00.392 [info] Extensions: Updated remote extensions. Removed: ["streetsidesoftware.code-spell-checker-portuguese-brazilian"].
2024-04-29 23:35:00.427 [info] Extensions: Updated last synchronized extensions.
2024-04-29 23:35:00.434 [info] Profiles: No changes found during synchronizing profiles.
2024-04-29 23:35:00.438 [info] Sync done. Took 794ms
