2024-05-02 13:17:42.788 [info] Using settings sync service https://vscode-sync.trafficmanager.net/
2024-05-02 13:17:42.788 [info] Auto Sync is enabled.
2024-05-02 13:17:42.788 [info] Auto Sync: Suspended until auth token is available.
2024-05-02 13:17:43.648 [info] Deleting non existing profile from backup /C:/Users/yuriy/AppData/Roaming/Code/User/sync/extensions
2024-05-02 13:17:43.724 [info] Deleting non existing profile from backup /C:/Users/yuriy/AppData/Roaming/Code/User/sync/globalState
2024-05-02 13:17:43.802 [info] Deleting non existing profile from backup /C:/Users/yuriy/AppData/Roaming/Code/User/sync/keybindings
2024-05-02 13:17:43.979 [info] Deleting non existing profile from backup /C:/Users/yuriy/AppData/Roaming/Code/User/sync/profiles
2024-05-02 13:17:44.131 [info] Deleting non existing profile from backup /C:/Users/yuriy/AppData/Roaming/Code/User/sync/settings
2024-05-02 13:17:44.175 [info] Deleting non existing profile from backup /C:/Users/yuriy/AppData/Roaming/Code/User/sync/snippets
2024-05-02 13:17:44.229 [info] Deleting non existing profile from backup /C:/Users/yuriy/AppData/Roaming/Code/User/sync/tasks
2024-05-02 13:17:56.242 [info] Auto Sync: Triggered by Interval
2024-05-02 13:17:56.243 [info] Sync started.
2024-05-02 13:17:56.650 [info] Settings: Last sync resource does not exist locally.
2024-05-02 13:17:56.802 [info] Settings: No changes found during synchronizing settings.
2024-05-02 13:17:56.806 [info] Keybindings: Last sync resource does not exist locally.
2024-05-02 13:17:57.003 [info] Keybindings: No changes found during synchronizing keybindings.
2024-05-02 13:17:57.006 [info] Snippets: Last sync resource does not exist locally.
2024-05-02 13:17:57.155 [info] Snippets: No changes found during synchronizing snippets.
2024-05-02 13:17:57.160 [info] Tasks: Last sync resource does not exist locally.
2024-05-02 13:17:57.330 [info] Tasks: No changes found during synchronizing tasks.
2024-05-02 13:17:57.334 [info] GlobalState: Last sync resource does not exist locally.
2024-05-02 13:17:58.492 [info] GlobalState: Updated remote ui state. Updated: commandPalette.mru.cache,commandPalette.mru.counter.
2024-05-02 13:17:58.925 [info] GlobalState: Updated last synchronized ui state
2024-05-02 13:17:58.931 [info] Extensions: Last sync resource does not exist locally.
2024-05-02 13:17:59.326 [info] Extensions: No changes found during synchronizing extensions.
2024-05-02 13:17:59.328 [info] Profiles: Last sync resource does not exist locally.
2024-05-02 13:17:59.577 [info] Profiles: No changes found during synchronizing profiles.
2024-05-02 13:17:59.584 [info] Sync done. Took 3341ms
2024-05-02 13:17:59.675 [info] Auto Sync: Triggered by Activity
2024-05-02 13:17:59.676 [info] Sync started.
2024-05-02 13:17:59.772 [info] Settings: No changes found during synchronizing settings.
2024-05-02 13:17:59.778 [info] Keybindings: No changes found during synchronizing keybindings.
2024-05-02 13:17:59.788 [info] Snippets: No changes found during synchronizing snippets.
2024-05-02 13:17:59.796 [info] Tasks: No changes found during synchronizing tasks.
2024-05-02 13:17:59.803 [info] GlobalState: No changes found during synchronizing ui state.
2024-05-02 13:17:59.903 [info] Extensions: No changes found during synchronizing extensions.
2024-05-02 13:17:59.906 [info] Profiles: No changes found during synchronizing profiles.
2024-05-02 13:17:59.909 [info] Sync done. Took 234ms
2024-05-02 13:22:59.916 [info] Auto Sync: Triggered by Interval
2024-05-02 13:22:59.916 [info] Sync started.
2024-05-02 13:23:00.276 [info] Settings: No changes found during synchronizing settings.
2024-05-02 13:23:00.283 [info] Keybindings: No changes found during synchronizing keybindings.
2024-05-02 13:23:00.291 [info] Snippets: No changes found during synchronizing snippets.
2024-05-02 13:23:00.297 [info] Tasks: No changes found during synchronizing tasks.
2024-05-02 13:23:00.303 [info] GlobalState: No changes found during synchronizing ui state.
2024-05-02 13:23:00.434 [info] Extensions: No changes found during synchronizing extensions.
2024-05-02 13:23:00.437 [info] Profiles: No changes found during synchronizing profiles.
2024-05-02 13:23:00.439 [info] Sync done. Took 523ms
2024-05-02 13:28:00.445 [info] Auto Sync: Triggered by Interval
2024-05-02 13:28:00.445 [info] Sync started.
2024-05-02 13:28:01.338 [info] Settings: No changes found during synchronizing settings.
2024-05-02 13:28:01.346 [info] Keybindings: No changes found during synchronizing keybindings.
2024-05-02 13:28:01.359 [info] Snippets: No changes found during synchronizing snippets.
2024-05-02 13:28:01.368 [info] Tasks: No changes found during synchronizing tasks.
2024-05-02 13:28:01.376 [info] GlobalState: No changes found during synchronizing ui state.
2024-05-02 13:28:01.485 [info] Extensions: No changes found during synchronizing extensions.
2024-05-02 13:28:01.487 [info] Profiles: No changes found during synchronizing profiles.
2024-05-02 13:28:01.489 [info] Sync done. Took 1045ms
2024-05-02 13:32:14.241 [info] Auto Sync: Triggered by Activity
2024-05-02 13:32:14.241 [info] Sync started.
2024-05-02 13:32:14.562 [info] Settings: No changes found during synchronizing settings.
2024-05-02 13:32:14.571 [info] Keybindings: No changes found during synchronizing keybindings.
2024-05-02 13:32:14.583 [info] Snippets: No changes found during synchronizing snippets.
2024-05-02 13:32:14.591 [info] Tasks: No changes found during synchronizing tasks.
2024-05-02 13:32:14.600 [info] GlobalState: No changes found during synchronizing ui state.
2024-05-02 13:32:14.735 [info] Extensions: No changes found during synchronizing extensions.
2024-05-02 13:32:14.736 [info] Profiles: No changes found during synchronizing profiles.
2024-05-02 13:32:14.738 [info] Sync done. Took 499ms
2024-05-02 13:35:44.626 [info] Auto Sync: Triggered by Activity
2024-05-02 13:35:44.626 [info] Sync started.
2024-05-02 13:35:44.980 [info] Settings: No changes found during synchronizing settings.
2024-05-02 13:35:44.989 [info] Keybindings: No changes found during synchronizing keybindings.
2024-05-02 13:35:44.999 [info] Snippets: No changes found during synchronizing snippets.
2024-05-02 13:35:45.004 [info] Tasks: No changes found during synchronizing tasks.
2024-05-02 13:35:45.010 [info] GlobalState: No changes found during synchronizing ui state.
2024-05-02 13:35:45.137 [info] Extensions: No changes found during synchronizing extensions.
2024-05-02 13:35:45.138 [info] Profiles: No changes found during synchronizing profiles.
2024-05-02 13:35:45.140 [info] Sync done. Took 515ms
2024-05-02 13:36:41.324 [info] Auto Sync: Triggered by Activity
2024-05-02 13:36:41.324 [info] Sync started.
2024-05-02 13:36:41.423 [info] Settings: No changes found during synchronizing settings.
2024-05-02 13:36:41.427 [info] Keybindings: No changes found during synchronizing keybindings.
2024-05-02 13:36:41.433 [info] Snippets: No changes found during synchronizing snippets.
2024-05-02 13:36:41.438 [info] Tasks: No changes found during synchronizing tasks.
2024-05-02 13:36:41.442 [info] GlobalState: No changes found during synchronizing ui state.
2024-05-02 13:36:41.582 [info] Extensions: No changes found during synchronizing extensions.
2024-05-02 13:36:41.584 [info] Profiles: No changes found during synchronizing profiles.
2024-05-02 13:36:41.587 [info] Sync done. Took 263ms
2024-05-02 13:37:32.601 [info] Auto Sync: Triggered by Activity
2024-05-02 13:37:32.602 [info] Sync started.
2024-05-02 13:37:32.713 [info] Settings: No changes found during synchronizing settings.
2024-05-02 13:37:32.721 [info] Keybindings: No changes found during synchronizing keybindings.
2024-05-02 13:37:32.731 [info] Snippets: No changes found during synchronizing snippets.
2024-05-02 13:37:32.737 [info] Tasks: No changes found during synchronizing tasks.
2024-05-02 13:37:32.747 [info] GlobalState: No changes found during synchronizing ui state.
2024-05-02 13:37:32.864 [info] Extensions: No changes found during synchronizing extensions.
2024-05-02 13:37:32.867 [info] Profiles: No changes found during synchronizing profiles.
2024-05-02 13:37:32.869 [info] Sync done. Took 269ms
2024-05-02 13:38:43.287 [info] Auto Sync: Triggered by Activity
2024-05-02 13:38:43.288 [info] Sync started.
2024-05-02 13:38:43.849 [info] Settings: No changes found during synchronizing settings.
2024-05-02 13:38:43.856 [info] Keybindings: No changes found during synchronizing keybindings.
2024-05-02 13:38:43.869 [info] Snippets: No changes found during synchronizing snippets.
2024-05-02 13:38:43.876 [info] Tasks: No changes found during synchronizing tasks.
2024-05-02 13:38:43.884 [info] GlobalState: No changes found during synchronizing ui state.
2024-05-02 13:38:43.991 [info] Extensions: No changes found during synchronizing extensions.
2024-05-02 13:38:43.994 [info] Profiles: No changes found during synchronizing profiles.
2024-05-02 13:38:43.996 [info] Sync done. Took 709ms
2024-05-02 13:39:37.104 [info] Auto Sync: Triggered by Activity
2024-05-02 13:39:37.104 [info] Sync started.
2024-05-02 13:39:37.209 [info] Settings: No changes found during synchronizing settings.
2024-05-02 13:39:37.217 [info] Keybindings: No changes found during synchronizing keybindings.
2024-05-02 13:39:37.226 [info] Snippets: No changes found during synchronizing snippets.
2024-05-02 13:39:37.232 [info] Tasks: No changes found during synchronizing tasks.
2024-05-02 13:39:37.237 [info] GlobalState: No changes found during synchronizing ui state.
2024-05-02 13:39:37.351 [info] Extensions: No changes found during synchronizing extensions.
2024-05-02 13:39:37.352 [info] Profiles: No changes found during synchronizing profiles.
2024-05-02 13:39:37.355 [info] Sync done. Took 252ms
2024-05-02 13:42:46.111 [info] Auto Sync: Triggered by Activity
2024-05-02 13:42:46.112 [info] Sync started.
2024-05-02 13:42:46.433 [info] Settings: No changes found during synchronizing settings.
2024-05-02 13:42:46.437 [info] Keybindings: No changes found during synchronizing keybindings.
2024-05-02 13:42:46.445 [info] Snippets: No changes found during synchronizing snippets.
2024-05-02 13:42:46.450 [info] Tasks: No changes found during synchronizing tasks.
2024-05-02 13:42:46.455 [info] GlobalState: No changes found during synchronizing ui state.
2024-05-02 13:42:47.027 [info] Extensions: Updated remote extensions. Added: ["katsute.settings-repository"].
2024-05-02 13:42:47.285 [info] Extensions: Updated last synchronized extensions.
2024-05-02 13:42:47.291 [info] Profiles: No changes found during synchronizing profiles.
2024-05-02 13:42:47.296 [info] Sync done. Took 1184ms
2024-05-02 13:43:26.988 [info] Auto Sync: Triggered by Activity
2024-05-02 13:43:26.988 [info] Sync started.
2024-05-02 13:43:27.085 [info] Settings: No changes found during synchronizing settings.
2024-05-02 13:43:27.093 [info] Keybindings: No changes found during synchronizing keybindings.
2024-05-02 13:43:27.105 [info] Snippets: No changes found during synchronizing snippets.
2024-05-02 13:43:27.112 [info] Tasks: No changes found during synchronizing tasks.
2024-05-02 13:43:27.119 [info] GlobalState: No changes found during synchronizing ui state.
2024-05-02 13:43:27.621 [info] Extensions: Updated remote extensions. Removed: ["zokugun.cron-tasks"].
2024-05-02 13:43:27.661 [info] Extensions: Updated last synchronized extensions.
2024-05-02 13:43:27.664 [info] Profiles: No changes found during synchronizing profiles.
2024-05-02 13:43:27.666 [info] Sync done. Took 679ms
2024-05-02 13:44:34.079 [info] Auto Sync: Triggered by Activity
2024-05-02 13:44:34.080 [info] Sync started.
2024-05-02 13:44:34.175 [info] Settings: No changes found during synchronizing settings.
2024-05-02 13:44:34.183 [info] Keybindings: No changes found during synchronizing keybindings.
2024-05-02 13:44:34.194 [info] Snippets: No changes found during synchronizing snippets.
2024-05-02 13:44:34.201 [info] Tasks: No changes found during synchronizing tasks.
2024-05-02 13:44:34.208 [info] GlobalState: No changes found during synchronizing ui state.
2024-05-02 13:44:34.341 [info] Extensions: No changes found during synchronizing extensions.
2024-05-02 13:44:34.343 [info] Profiles: No changes found during synchronizing profiles.
2024-05-02 13:44:34.345 [info] Sync done. Took 266ms
2024-05-02 13:46:03.161 [info] Auto Sync: Triggered by Activity
2024-05-02 13:46:03.162 [info] Sync started.
2024-05-02 13:46:03.266 [info] Settings: No changes found during synchronizing settings.
2024-05-02 13:46:03.274 [info] Keybindings: No changes found during synchronizing keybindings.
2024-05-02 13:46:03.285 [info] Snippets: No changes found during synchronizing snippets.
2024-05-02 13:46:03.292 [info] Tasks: No changes found during synchronizing tasks.
2024-05-02 13:46:03.300 [info] GlobalState: No changes found during synchronizing ui state.
2024-05-02 13:46:03.408 [info] Extensions: No changes found during synchronizing extensions.
2024-05-02 13:46:03.417 [info] Profiles: No changes found during synchronizing profiles.
2024-05-02 13:46:03.419 [info] Sync done. Took 258ms
2024-05-02 13:49:02.434 [info] Auto Sync: Triggered by Activity
2024-05-02 13:49:02.435 [info] Sync started.
2024-05-02 13:49:03.249 [info] Settings: No changes found during synchronizing settings.
2024-05-02 13:49:03.254 [info] Keybindings: No changes found during synchronizing keybindings.
2024-05-02 13:49:03.260 [info] Snippets: No changes found during synchronizing snippets.
2024-05-02 13:49:03.266 [info] Tasks: No changes found during synchronizing tasks.
2024-05-02 13:49:03.271 [info] GlobalState: No changes found during synchronizing ui state.
2024-05-02 13:49:03.373 [info] Extensions: No changes found during synchronizing extensions.
2024-05-02 13:49:03.374 [info] Profiles: No changes found during synchronizing profiles.
2024-05-02 13:49:03.376 [info] Sync done. Took 942ms
2024-05-02 13:54:03.383 [info] Auto Sync: Triggered by Interval
2024-05-02 13:54:03.384 [info] Sync started.
2024-05-02 13:54:03.752 [info] Settings: No changes found during synchronizing settings.
2024-05-02 13:54:03.758 [info] Keybindings: No changes found during synchronizing keybindings.
2024-05-02 13:54:03.765 [info] Snippets: No changes found during synchronizing snippets.
2024-05-02 13:54:03.770 [info] Tasks: No changes found during synchronizing tasks.
2024-05-02 13:54:03.777 [info] GlobalState: No changes found during synchronizing ui state.
2024-05-02 13:54:03.891 [info] Extensions: No changes found during synchronizing extensions.
2024-05-02 13:54:03.894 [info] Profiles: No changes found during synchronizing profiles.
2024-05-02 13:54:03.896 [info] Sync done. Took 514ms
2024-05-02 13:55:59.323 [info] Auto Sync: Triggered by Activity
2024-05-02 13:55:59.324 [info] Sync started.
2024-05-02 13:55:59.447 [info] Settings: No changes found during synchronizing settings.
2024-05-02 13:55:59.455 [info] Keybindings: No changes found during synchronizing keybindings.
2024-05-02 13:55:59.465 [info] Snippets: No changes found during synchronizing snippets.
2024-05-02 13:55:59.472 [info] Tasks: No changes found during synchronizing tasks.
2024-05-02 13:55:59.477 [info] GlobalState: No changes found during synchronizing ui state.
2024-05-02 13:55:59.616 [info] Extensions: No changes found during synchronizing extensions.
2024-05-02 13:55:59.618 [info] Profiles: No changes found during synchronizing profiles.
2024-05-02 13:55:59.620 [info] Sync done. Took 298ms
2024-05-02 13:56:41.991 [info] Auto Sync: Triggered by Activity
2024-05-02 13:56:41.991 [info] Sync started.
2024-05-02 13:56:42.096 [info] Settings: No changes found during synchronizing settings.
2024-05-02 13:56:42.105 [info] Keybindings: No changes found during synchronizing keybindings.
2024-05-02 13:56:42.117 [info] Snippets: No changes found during synchronizing snippets.
2024-05-02 13:56:42.125 [info] Tasks: No changes found during synchronizing tasks.
2024-05-02 13:56:42.133 [info] GlobalState: No changes found during synchronizing ui state.
2024-05-02 13:56:42.293 [info] Extensions: No changes found during synchronizing extensions.
2024-05-02 13:56:42.294 [info] Profiles: No changes found during synchronizing profiles.
2024-05-02 13:56:42.297 [info] Sync done. Took 307ms
2024-05-02 13:58:30.768 [info] Auto Sync: Triggered by Activity
2024-05-02 13:58:30.768 [info] Sync started.
2024-05-02 13:58:30.877 [info] Settings: No changes found during synchronizing settings.
2024-05-02 13:58:30.885 [info] Keybindings: No changes found during synchronizing keybindings.
2024-05-02 13:58:30.901 [info] Snippets: No changes found during synchronizing snippets.
2024-05-02 13:58:30.908 [info] Tasks: No changes found during synchronizing tasks.
2024-05-02 13:58:30.917 [info] GlobalState: No changes found during synchronizing ui state.
2024-05-02 13:58:31.055 [info] Extensions: No changes found during synchronizing extensions.
2024-05-02 13:58:31.057 [info] Profiles: No changes found during synchronizing profiles.
2024-05-02 13:58:31.058 [info] Sync done. Took 292ms
2024-05-02 13:59:09.907 [info] Auto Sync: Triggered by Activity
2024-05-02 13:59:09.908 [info] Sync started.
2024-05-02 13:59:10.479 [info] Settings: No changes found during synchronizing settings.
2024-05-02 13:59:10.487 [info] Keybindings: No changes found during synchronizing keybindings.
2024-05-02 13:59:10.498 [info] Snippets: No changes found during synchronizing snippets.
2024-05-02 13:59:10.505 [info] Tasks: No changes found during synchronizing tasks.
2024-05-02 13:59:10.513 [info] GlobalState: No changes found during synchronizing ui state.
2024-05-02 13:59:10.611 [info] Extensions: No changes found during synchronizing extensions.
2024-05-02 13:59:10.614 [info] Profiles: No changes found during synchronizing profiles.
2024-05-02 13:59:10.616 [info] Sync done. Took 709ms
2024-05-02 14:01:13.582 [info] Auto Sync: Triggered by Activity
2024-05-02 14:01:13.582 [info] Sync started.
2024-05-02 14:01:13.689 [info] Settings: No changes found during synchronizing settings.
2024-05-02 14:01:13.696 [info] Keybindings: No changes found during synchronizing keybindings.
2024-05-02 14:01:13.704 [info] Snippets: No changes found during synchronizing snippets.
2024-05-02 14:01:13.709 [info] Tasks: No changes found during synchronizing tasks.
2024-05-02 14:01:13.714 [info] GlobalState: No changes found during synchronizing ui state.
2024-05-02 14:01:13.858 [info] Extensions: No changes found during synchronizing extensions.
2024-05-02 14:01:13.861 [info] Profiles: No changes found during synchronizing profiles.
2024-05-02 14:01:13.862 [info] Sync done. Took 281ms
2024-05-02 14:01:52.008 [info] Auto Sync: Triggered by Activity
2024-05-02 14:01:52.008 [info] Sync started.
2024-05-02 14:01:52.119 [info] Settings: No changes found during synchronizing settings.
2024-05-02 14:01:52.127 [info] Keybindings: No changes found during synchronizing keybindings.
2024-05-02 14:01:52.139 [info] Snippets: No changes found during synchronizing snippets.
2024-05-02 14:01:52.147 [info] Tasks: No changes found during synchronizing tasks.
2024-05-02 14:01:52.154 [info] GlobalState: No changes found during synchronizing ui state.
2024-05-02 14:01:52.290 [info] Extensions: No changes found during synchronizing extensions.
2024-05-02 14:01:52.292 [info] Profiles: No changes found during synchronizing profiles.
2024-05-02 14:01:52.294 [info] Sync done. Took 287ms
2024-05-02 14:02:29.389 [info] Auto Sync: Triggered by Activity
2024-05-02 14:02:29.389 [info] Sync started.
2024-05-02 14:02:29.494 [info] Settings: No changes found during synchronizing settings.
2024-05-02 14:02:29.503 [info] Keybindings: No changes found during synchronizing keybindings.
2024-05-02 14:02:29.513 [info] Snippets: No changes found during synchronizing snippets.
2024-05-02 14:02:29.519 [info] Tasks: No changes found during synchronizing tasks.
2024-05-02 14:02:29.527 [info] GlobalState: No changes found during synchronizing ui state.
2024-05-02 14:02:29.638 [info] Extensions: No changes found during synchronizing extensions.
2024-05-02 14:02:29.640 [info] Profiles: No changes found during synchronizing profiles.
2024-05-02 14:02:29.642 [info] Sync done. Took 254ms
