2024-05-01 11:16:13.801 [info] Using settings sync service https://vscode-sync.trafficmanager.net/
2024-05-01 11:16:13.801 [info] Auto Sync is enabled.
2024-05-01 11:16:13.801 [info] Auto Sync: Suspended until auth token is available.
2024-05-01 11:16:14.957 [info] Deleting non existing profile from backup /C:/Users/yuriy/AppData/Roaming/Code/User/sync/extensions
2024-05-01 11:16:14.975 [info] Deleting non existing profile from backup /C:/Users/yuriy/AppData/Roaming/Code/User/sync/globalState
2024-05-01 11:16:14.975 [info] Deleting non existing profile from backup /C:/Users/yuriy/AppData/Roaming/Code/User/sync/keybindings
2024-05-01 11:16:14.977 [info] Deleting non existing profile from backup /C:/Users/yuriy/AppData/Roaming/Code/User/sync/profiles
2024-05-01 11:16:14.998 [info] Deleting non existing profile from backup /C:/Users/yuriy/AppData/Roaming/Code/User/sync/settings
2024-05-01 11:16:14.998 [info] Deleting non existing profile from backup /C:/Users/yuriy/AppData/Roaming/Code/User/sync/snippets
2024-05-01 11:16:14.998 [info] Deleting non existing profile from backup /C:/Users/yuriy/AppData/Roaming/Code/User/sync/tasks
2024-05-01 11:16:16.979 [info] Auto Sync: Triggered by Interval
2024-05-01 11:16:16.979 [info] Sync started.
2024-05-01 11:16:17.890 [info] Settings: Last sync resource does not exist locally.
2024-05-01 11:16:18.131 [info] Settings: No changes found during synchronizing settings.
2024-05-01 11:16:18.136 [info] Keybindings: Last sync resource does not exist locally.
2024-05-01 11:16:18.313 [info] Keybindings: No changes found during synchronizing keybindings.
2024-05-01 11:16:18.316 [info] Snippets: Last sync resource does not exist locally.
2024-05-01 11:16:18.470 [info] Snippets: No changes found during synchronizing snippets.
2024-05-01 11:16:18.474 [info] Tasks: Last sync resource does not exist locally.
2024-05-01 11:16:18.655 [info] Tasks: No changes found during synchronizing tasks.
2024-05-01 11:16:18.659 [info] GlobalState: Last sync resource does not exist locally.
2024-05-01 11:16:18.885 [info] GlobalState: No changes found during synchronizing ui state.
2024-05-01 11:16:18.888 [info] Extensions: Last sync resource does not exist locally.
2024-05-01 11:16:19.330 [info] Extensions: No changes found during synchronizing extensions.
2024-05-01 11:16:19.332 [info] Profiles: Last sync resource does not exist locally.
2024-05-01 11:16:19.523 [info] Profiles: No changes found during synchronizing profiles.
2024-05-01 11:16:19.527 [info] Sync done. Took 2548ms
2024-05-01 11:19:40.258 [info] Auto Sync: Triggered by Activity
2024-05-01 11:19:40.258 [info] Sync started.
2024-05-01 11:19:40.579 [info] Settings: No changes found during synchronizing settings.
2024-05-01 11:19:40.587 [info] Keybindings: No changes found during synchronizing keybindings.
2024-05-01 11:19:40.596 [info] Snippets: No changes found during synchronizing snippets.
2024-05-01 11:19:40.603 [info] Tasks: No changes found during synchronizing tasks.
2024-05-01 11:19:40.609 [info] GlobalState: No changes found during synchronizing ui state.
2024-05-01 11:19:40.753 [info] Extensions: No changes found during synchronizing extensions.
2024-05-01 11:19:40.756 [info] Profiles: No changes found during synchronizing profiles.
2024-05-01 11:19:40.759 [info] Sync done. Took 502ms
2024-05-01 11:24:40.763 [info] Auto Sync: Triggered by Interval
2024-05-01 11:24:40.763 [info] Sync started.
2024-05-01 11:24:41.081 [info] Settings: No changes found during synchronizing settings.
2024-05-01 11:24:41.090 [info] Keybindings: No changes found during synchronizing keybindings.
2024-05-01 11:24:41.100 [info] Snippets: No changes found during synchronizing snippets.
2024-05-01 11:24:41.108 [info] Tasks: No changes found during synchronizing tasks.
2024-05-01 11:24:41.115 [info] GlobalState: No changes found during synchronizing ui state.
2024-05-01 11:24:41.232 [info] Extensions: No changes found during synchronizing extensions.
2024-05-01 11:24:41.236 [info] Profiles: No changes found during synchronizing profiles.
2024-05-01 11:24:41.238 [info] Sync done. Took 477ms
2024-05-01 11:29:41.241 [info] Auto Sync: Triggered by Interval
2024-05-01 11:29:41.241 [info] Sync started.
2024-05-01 11:29:42.109 [info] Settings: No changes found during synchronizing settings.
2024-05-01 11:29:42.117 [info] Keybindings: No changes found during synchronizing keybindings.
2024-05-01 11:29:42.129 [info] Snippets: No changes found during synchronizing snippets.
2024-05-01 11:29:42.136 [info] Tasks: No changes found during synchronizing tasks.
2024-05-01 11:29:42.145 [info] GlobalState: No changes found during synchronizing ui state.
2024-05-01 11:29:42.254 [info] Extensions: No changes found during synchronizing extensions.
2024-05-01 11:29:42.268 [info] Profiles: No changes found during synchronizing profiles.
2024-05-01 11:29:42.270 [info] Sync done. Took 1031ms
2024-05-01 11:34:42.275 [info] Auto Sync: Triggered by Interval
2024-05-01 11:34:42.276 [info] Sync started.
2024-05-01 11:34:42.611 [info] Settings: No changes found during synchronizing settings.
2024-05-01 11:34:42.619 [info] Keybindings: No changes found during synchronizing keybindings.
2024-05-01 11:34:42.630 [info] Snippets: No changes found during synchronizing snippets.
2024-05-01 11:34:42.637 [info] Tasks: No changes found during synchronizing tasks.
2024-05-01 11:34:42.644 [info] GlobalState: No changes found during synchronizing ui state.
2024-05-01 11:34:42.759 [info] Extensions: No changes found during synchronizing extensions.
2024-05-01 11:34:42.762 [info] Profiles: No changes found during synchronizing profiles.
2024-05-01 11:34:42.765 [info] Sync done. Took 491ms
2024-05-01 11:39:42.779 [info] Auto Sync: Triggered by Interval
2024-05-01 11:39:42.780 [info] Sync started.
2024-05-01 11:39:43.634 [info] Settings: No changes found during synchronizing settings.
2024-05-01 11:39:43.642 [info] Keybindings: No changes found during synchronizing keybindings.
2024-05-01 11:39:43.653 [info] Snippets: No changes found during synchronizing snippets.
2024-05-01 11:39:43.660 [info] Tasks: No changes found during synchronizing tasks.
2024-05-01 11:39:43.667 [info] GlobalState: No changes found during synchronizing ui state.
2024-05-01 11:39:43.790 [info] Extensions: No changes found during synchronizing extensions.
2024-05-01 11:39:43.793 [info] Profiles: No changes found during synchronizing profiles.
2024-05-01 11:39:43.796 [info] Sync done. Took 1018ms
