2024-04-30 19:52:05.046 [info] Using settings sync service https://vscode-sync.trafficmanager.net/
2024-04-30 19:52:05.046 [info] Auto Sync is enabled.
2024-04-30 19:52:05.046 [info] Auto Sync: Suspended until auth token is available.
2024-04-30 19:52:16.452 [info] Deleting non existing profile from backup /C:/Users/yuriy/AppData/Roaming/Code/User/sync/extensions
2024-04-30 19:52:16.457 [info] Deleting non existing profile from backup /C:/Users/yuriy/AppData/Roaming/Code/User/sync/globalState
2024-04-30 19:52:16.463 [info] Deleting non existing profile from backup /C:/Users/yuriy/AppData/Roaming/Code/User/sync/keybindings
2024-04-30 19:52:16.470 [info] Deleting non existing profile from backup /C:/Users/yuriy/AppData/Roaming/Code/User/sync/profiles
2024-04-30 19:52:16.623 [info] Deleting non existing profile from backup /C:/Users/yuriy/AppData/Roaming/Code/User/sync/settings
2024-04-30 19:52:17.305 [info] Deleting non existing profile from backup /C:/Users/yuriy/AppData/Roaming/Code/User/sync/snippets
2024-04-30 19:52:17.574 [info] Deleting non existing profile from backup /C:/Users/yuriy/AppData/Roaming/Code/User/sync/tasks
2024-04-30 19:54:44.777 [info] Auto Sync: Triggered by Interval
2024-04-30 19:54:44.778 [info] Sync started.
2024-04-30 19:54:47.217 [info] Settings: Last sync resource does not exist locally.
2024-04-30 19:54:47.892 [info] Settings: No changes found during synchronizing settings.
2024-04-30 19:54:47.896 [info] Keybindings: Last sync resource does not exist locally.
2024-04-30 19:54:48.339 [info] Keybindings: No changes found during synchronizing keybindings.
2024-04-30 19:54:48.343 [info] Snippets: Last sync resource does not exist locally.
2024-04-30 19:54:48.766 [info] Snippets: No changes found during synchronizing snippets.
2024-04-30 19:54:48.770 [info] Tasks: Last sync resource does not exist locally.
2024-04-30 19:54:49.078 [info] Tasks: No changes found during synchronizing tasks.
2024-04-30 19:54:49.083 [info] GlobalState: Last sync resource does not exist locally.
2024-04-30 19:54:50.501 [info] GlobalState: Updated remote ui state. Updated: nps/lastSessionDate,nps/sessionCount,cpp.1.lastSessionDate,cpp.1.sessionCount,java.2.lastSessionDate,java.2.sessionCount,javascript.1.lastSessionDate,javascript.1.sessionCount,typescript.1.lastSessionDate,typescript.1.sessionCount,csharp.1.lastSessionDate,csharp.1.sessionCount,commandPalette.mru.cache,commandPalette.mru.counter.
2024-04-30 19:54:50.630 [info] GlobalState: Updated last synchronized ui state
2024-04-30 19:54:50.638 [info] Extensions: Last sync resource does not exist locally.
2024-04-30 19:54:51.132 [info] Extensions: No changes found during synchronizing extensions.
2024-04-30 19:54:51.134 [info] Profiles: Last sync resource does not exist locally.
2024-04-30 19:54:51.709 [info] Profiles: No changes found during synchronizing profiles.
2024-04-30 19:54:51.717 [info] Sync done. Took 6940ms
2024-04-30 19:59:51.723 [info] Auto Sync: Triggered by Interval
2024-04-30 19:59:51.724 [info] Sync started.
2024-04-30 19:59:52.390 [info] Settings: No changes found during synchronizing settings.
2024-04-30 19:59:52.397 [info] Keybindings: No changes found during synchronizing keybindings.
2024-04-30 19:59:52.410 [info] Snippets: No changes found during synchronizing snippets.
2024-04-30 19:59:52.417 [info] Tasks: No changes found during synchronizing tasks.
2024-04-30 19:59:52.426 [info] GlobalState: No changes found during synchronizing ui state.
2024-04-30 19:59:52.545 [info] Extensions: No changes found during synchronizing extensions.
2024-04-30 19:59:52.551 [info] Profiles: No changes found during synchronizing profiles.
2024-04-30 19:59:52.553 [info] Sync done. Took 831ms
2024-04-30 20:04:52.566 [info] Auto Sync: Triggered by Interval
2024-04-30 20:04:52.566 [info] Sync started.
2024-04-30 20:04:53.389 [info] Settings: No changes found during synchronizing settings.
2024-04-30 20:04:53.397 [info] Keybindings: No changes found during synchronizing keybindings.
2024-04-30 20:04:53.407 [info] Snippets: No changes found during synchronizing snippets.
2024-04-30 20:04:53.413 [info] Tasks: No changes found during synchronizing tasks.
2024-04-30 20:04:53.421 [info] GlobalState: No changes found during synchronizing ui state.
2024-04-30 20:04:53.568 [info] Extensions: No changes found during synchronizing extensions.
2024-04-30 20:04:53.571 [info] Profiles: No changes found during synchronizing profiles.
2024-04-30 20:04:53.574 [info] Sync done. Took 1009ms
2024-04-30 20:06:16.505 [info] Auto Sync: Triggered by Activity
2024-04-30 20:06:16.505 [info] Sync started.
2024-04-30 20:06:16.602 [info] Settings: No changes found during synchronizing settings.
2024-04-30 20:06:16.610 [info] Keybindings: No changes found during synchronizing keybindings.
2024-04-30 20:06:16.621 [info] Snippets: No changes found during synchronizing snippets.
2024-04-30 20:06:16.628 [info] Tasks: No changes found during synchronizing tasks.
2024-04-30 20:06:16.637 [info] GlobalState: No changes found during synchronizing ui state.
2024-04-30 20:06:16.756 [info] Extensions: No changes found during synchronizing extensions.
2024-04-30 20:06:16.759 [info] Profiles: No changes found during synchronizing profiles.
2024-04-30 20:06:16.761 [info] Sync done. Took 257ms
2024-04-30 20:07:34.730 [info] Auto Sync: Triggered by Activity
2024-04-30 20:07:34.731 [info] Sync started.
2024-04-30 20:07:34.826 [info] Settings: No changes found during synchronizing settings.
2024-04-30 20:07:34.834 [info] Keybindings: No changes found during synchronizing keybindings.
2024-04-30 20:07:34.846 [info] Snippets: No changes found during synchronizing snippets.
2024-04-30 20:07:34.854 [info] Tasks: No changes found during synchronizing tasks.
2024-04-30 20:07:34.859 [info] GlobalState: No changes found during synchronizing ui state.
2024-04-30 20:07:35.004 [info] Extensions: No changes found during synchronizing extensions.
2024-04-30 20:07:35.007 [info] Profiles: No changes found during synchronizing profiles.
2024-04-30 20:07:35.010 [info] Sync done. Took 281ms
2024-04-30 20:08:51.335 [info] Auto Sync: Triggered by Activity
2024-04-30 20:08:51.335 [info] Sync started.
2024-04-30 20:08:51.437 [info] Settings: No changes found during synchronizing settings.
2024-04-30 20:08:51.445 [info] Keybindings: No changes found during synchronizing keybindings.
2024-04-30 20:08:51.456 [info] Snippets: No changes found during synchronizing snippets.
2024-04-30 20:08:51.463 [info] Tasks: No changes found during synchronizing tasks.
2024-04-30 20:08:51.469 [info] GlobalState: No changes found during synchronizing ui state.
2024-04-30 20:08:51.604 [info] Extensions: No changes found during synchronizing extensions.
2024-04-30 20:08:51.610 [info] Profiles: No changes found during synchronizing profiles.
2024-04-30 20:08:51.617 [info] Sync done. Took 283ms
2024-04-30 20:12:54.803 [info] Auto Sync: Triggered by Activity
2024-04-30 20:12:54.803 [info] Sync started.
2024-04-30 20:12:55.174 [info] Settings: No changes found during synchronizing settings.
2024-04-30 20:12:55.183 [info] Keybindings: No changes found during synchronizing keybindings.
2024-04-30 20:12:55.196 [info] Snippets: No changes found during synchronizing snippets.
2024-04-30 20:12:55.203 [info] Tasks: No changes found during synchronizing tasks.
2024-04-30 20:12:55.212 [info] GlobalState: No changes found during synchronizing ui state.
2024-04-30 20:12:55.353 [info] Extensions: No changes found during synchronizing extensions.
2024-04-30 20:12:55.356 [info] Profiles: No changes found during synchronizing profiles.
2024-04-30 20:12:55.358 [info] Sync done. Took 556ms
2024-04-30 20:17:41.174 [info] Auto Sync: Triggered by Activity
2024-04-30 20:17:41.174 [info] Sync started.
2024-04-30 20:17:42.065 [info] Settings: No changes found during synchronizing settings.
2024-04-30 20:17:42.073 [info] Keybindings: No changes found during synchronizing keybindings.
2024-04-30 20:17:42.086 [info] Snippets: No changes found during synchronizing snippets.
2024-04-30 20:17:42.094 [info] Tasks: No changes found during synchronizing tasks.
2024-04-30 20:17:42.104 [info] GlobalState: No changes found during synchronizing ui state.
2024-04-30 20:17:42.231 [info] Extensions: No changes found during synchronizing extensions.
2024-04-30 20:17:42.233 [info] Profiles: No changes found during synchronizing profiles.
2024-04-30 20:17:42.235 [info] Sync done. Took 1062ms
2024-04-30 20:19:53.789 [info] Auto Sync: Triggered by Activity
2024-04-30 20:19:53.789 [info] Sync started.
2024-04-30 20:19:54.149 [info] Settings: No changes found during synchronizing settings.
2024-04-30 20:19:54.157 [info] Keybindings: No changes found during synchronizing keybindings.
2024-04-30 20:19:54.170 [info] Snippets: No changes found during synchronizing snippets.
2024-04-30 20:19:54.179 [info] Tasks: No changes found during synchronizing tasks.
2024-04-30 20:19:54.190 [info] GlobalState: No changes found during synchronizing ui state.
2024-04-30 20:19:54.309 [info] Extensions: No changes found during synchronizing extensions.
2024-04-30 20:19:54.313 [info] Profiles: No changes found during synchronizing profiles.
2024-04-30 20:19:54.315 [info] Sync done. Took 527ms
2024-04-30 20:20:19.888 [info] Auto Sync: Triggered by Activity
2024-04-30 20:20:19.888 [info] Sync started.
2024-04-30 20:20:20.001 [info] Settings: No changes found during synchronizing settings.
2024-04-30 20:20:20.010 [info] Keybindings: No changes found during synchronizing keybindings.
2024-04-30 20:20:20.022 [info] Snippets: No changes found during synchronizing snippets.
2024-04-30 20:20:20.030 [info] Tasks: No changes found during synchronizing tasks.
2024-04-30 20:20:20.040 [info] GlobalState: No changes found during synchronizing ui state.
2024-04-30 20:20:20.187 [info] Extensions: No changes found during synchronizing extensions.
2024-04-30 20:20:20.189 [info] Profiles: No changes found during synchronizing profiles.
2024-04-30 20:20:20.190 [info] Sync done. Took 304ms
2024-04-30 20:20:36.974 [info] Auto Sync: Triggered by Activity
2024-04-30 20:20:36.974 [info] Sync started.
2024-04-30 20:20:37.100 [info] Settings: No changes found during synchronizing settings.
2024-04-30 20:20:37.108 [info] Keybindings: No changes found during synchronizing keybindings.
2024-04-30 20:20:37.120 [info] Snippets: No changes found during synchronizing snippets.
2024-04-30 20:20:37.129 [info] Tasks: No changes found during synchronizing tasks.
2024-04-30 20:20:37.137 [info] GlobalState: No changes found during synchronizing ui state.
2024-04-30 20:20:37.263 [info] Extensions: No changes found during synchronizing extensions.
2024-04-30 20:20:37.265 [info] Profiles: No changes found during synchronizing profiles.
2024-04-30 20:20:37.266 [info] Sync done. Took 293ms
2024-04-30 20:21:10.120 [info] Auto Sync: Triggered by Activity
2024-04-30 20:21:10.121 [info] Sync started.
2024-04-30 20:21:10.236 [info] Settings: No changes found during synchronizing settings.
2024-04-30 20:21:10.245 [info] Keybindings: No changes found during synchronizing keybindings.
2024-04-30 20:21:10.258 [info] Snippets: No changes found during synchronizing snippets.
2024-04-30 20:21:10.264 [info] Tasks: No changes found during synchronizing tasks.
2024-04-30 20:21:10.272 [info] GlobalState: No changes found during synchronizing ui state.
2024-04-30 20:21:10.389 [info] Extensions: No changes found during synchronizing extensions.
2024-04-30 20:21:10.393 [info] Profiles: No changes found during synchronizing profiles.
2024-04-30 20:21:10.397 [info] Sync done. Took 277ms
2024-04-30 20:22:00.632 [info] Auto Sync: Triggered by Activity
2024-04-30 20:22:00.633 [info] Sync started.
2024-04-30 20:22:00.740 [info] Settings: No changes found during synchronizing settings.
2024-04-30 20:22:00.748 [info] Keybindings: No changes found during synchronizing keybindings.
2024-04-30 20:22:00.757 [info] Snippets: No changes found during synchronizing snippets.
2024-04-30 20:22:00.764 [info] Tasks: No changes found during synchronizing tasks.
2024-04-30 20:22:00.771 [info] GlobalState: No changes found during synchronizing ui state.
2024-04-30 20:22:00.893 [info] Extensions: No changes found during synchronizing extensions.
2024-04-30 20:22:00.897 [info] Profiles: No changes found during synchronizing profiles.
2024-04-30 20:22:00.899 [info] Sync done. Took 267ms
2024-04-30 20:22:19.299 [info] Auto Sync: Triggered by Activity
2024-04-30 20:22:19.299 [info] Sync started.
2024-04-30 20:22:19.412 [info] Settings: No changes found during synchronizing settings.
2024-04-30 20:22:19.420 [info] Keybindings: No changes found during synchronizing keybindings.
2024-04-30 20:22:19.431 [info] Snippets: No changes found during synchronizing snippets.
2024-04-30 20:22:19.438 [info] Tasks: No changes found during synchronizing tasks.
2024-04-30 20:22:19.444 [info] GlobalState: No changes found during synchronizing ui state.
2024-04-30 20:22:19.557 [info] Extensions: No changes found during synchronizing extensions.
2024-04-30 20:22:19.559 [info] Profiles: No changes found during synchronizing profiles.
2024-04-30 20:22:19.561 [info] Sync done. Took 262ms
2024-04-30 20:23:41.807 [info] Auto Sync: Triggered by Activity
2024-04-30 20:23:41.807 [info] Sync started.
2024-04-30 20:23:41.936 [info] Settings: No changes found during synchronizing settings.
2024-04-30 20:23:41.943 [info] Keybindings: No changes found during synchronizing keybindings.
2024-04-30 20:23:41.953 [info] Snippets: No changes found during synchronizing snippets.
2024-04-30 20:23:41.958 [info] Tasks: No changes found during synchronizing tasks.
2024-04-30 20:23:41.963 [info] GlobalState: No changes found during synchronizing ui state.
2024-04-30 20:23:42.096 [info] Extensions: No changes found during synchronizing extensions.
2024-04-30 20:23:42.099 [info] Profiles: No changes found during synchronizing profiles.
2024-04-30 20:23:42.101 [info] Sync done. Took 295ms
2024-04-30 20:24:32.563 [info] Auto Sync: Triggered by Activity
2024-04-30 20:24:32.564 [info] Sync started.
2024-04-30 20:24:32.679 [info] Settings: No changes found during synchronizing settings.
2024-04-30 20:24:32.686 [info] Keybindings: No changes found during synchronizing keybindings.
2024-04-30 20:24:32.699 [info] Snippets: No changes found during synchronizing snippets.
2024-04-30 20:24:32.706 [info] Tasks: No changes found during synchronizing tasks.
2024-04-30 20:24:32.715 [info] GlobalState: No changes found during synchronizing ui state.
2024-04-30 20:24:32.881 [info] Extensions: No changes found during synchronizing extensions.
2024-04-30 20:24:32.883 [info] Profiles: No changes found during synchronizing profiles.
2024-04-30 20:24:32.886 [info] Sync done. Took 323ms
2024-04-30 20:25:04.334 [info] Auto Sync: Triggered by Activity
2024-04-30 20:25:04.334 [info] Sync started.
2024-04-30 20:25:04.458 [info] Settings: No changes found during synchronizing settings.
2024-04-30 20:25:04.467 [info] Keybindings: No changes found during synchronizing keybindings.
2024-04-30 20:25:04.481 [info] Snippets: No changes found during synchronizing snippets.
2024-04-30 20:25:04.489 [info] Tasks: No changes found during synchronizing tasks.
2024-04-30 20:25:04.499 [info] GlobalState: No changes found during synchronizing ui state.
2024-04-30 20:25:04.668 [info] Extensions: No changes found during synchronizing extensions.
2024-04-30 20:25:04.670 [info] Profiles: No changes found during synchronizing profiles.
2024-04-30 20:25:04.672 [info] Sync done. Took 339ms
2024-04-30 20:27:56.414 [info] Auto Sync: Triggered by Activity
2024-04-30 20:27:56.414 [info] Sync started.
2024-04-30 20:27:57.260 [info] Settings: No changes found during synchronizing settings.
2024-04-30 20:27:57.266 [info] Keybindings: No changes found during synchronizing keybindings.
2024-04-30 20:27:57.276 [info] Snippets: No changes found during synchronizing snippets.
2024-04-30 20:27:57.281 [info] Tasks: No changes found during synchronizing tasks.
2024-04-30 20:27:57.289 [info] GlobalState: No changes found during synchronizing ui state.
2024-04-30 20:27:57.402 [info] Extensions: No changes found during synchronizing extensions.
2024-04-30 20:27:57.404 [info] Profiles: No changes found during synchronizing profiles.
2024-04-30 20:27:57.406 [info] Sync done. Took 993ms
2024-04-30 20:29:40.867 [info] Auto Sync: Triggered by Activity
2024-04-30 20:29:40.867 [info] Sync started.
2024-04-30 20:29:40.966 [info] Settings: No changes found during synchronizing settings.
2024-04-30 20:29:40.974 [info] Keybindings: No changes found during synchronizing keybindings.
2024-04-30 20:29:40.987 [info] Snippets: No changes found during synchronizing snippets.
2024-04-30 20:29:40.996 [info] Tasks: No changes found during synchronizing tasks.
2024-04-30 20:29:41.006 [info] GlobalState: No changes found during synchronizing ui state.
2024-04-30 20:29:41.131 [info] Extensions: No changes found during synchronizing extensions.
2024-04-30 20:29:41.135 [info] Profiles: No changes found during synchronizing profiles.
2024-04-30 20:29:41.137 [info] Sync done. Took 271ms
2024-04-30 20:32:35.658 [info] Auto Sync: Triggered by Activity
2024-04-30 20:32:35.659 [info] Sync started.
2024-04-30 20:32:36.031 [info] Settings: No changes found during synchronizing settings.
2024-04-30 20:32:36.040 [info] Keybindings: No changes found during synchronizing keybindings.
2024-04-30 20:32:36.053 [info] Snippets: No changes found during synchronizing snippets.
2024-04-30 20:32:36.060 [info] Tasks: No changes found during synchronizing tasks.
2024-04-30 20:32:36.068 [info] GlobalState: No changes found during synchronizing ui state.
2024-04-30 20:32:36.205 [info] Extensions: No changes found during synchronizing extensions.
2024-04-30 20:32:36.209 [info] Profiles: No changes found during synchronizing profiles.
2024-04-30 20:32:36.210 [info] Sync done. Took 554ms
2024-04-30 20:37:36.214 [info] Auto Sync: Triggered by Interval
2024-04-30 20:37:36.214 [info] Sync started.
2024-04-30 20:37:36.542 [info] Settings: No changes found during synchronizing settings.
2024-04-30 20:37:36.550 [info] Keybindings: No changes found during synchronizing keybindings.
2024-04-30 20:37:36.563 [info] Snippets: No changes found during synchronizing snippets.
2024-04-30 20:37:36.572 [info] Tasks: No changes found during synchronizing tasks.
2024-04-30 20:37:36.581 [info] GlobalState: No changes found during synchronizing ui state.
2024-04-30 20:37:36.733 [info] Extensions: No changes found during synchronizing extensions.
2024-04-30 20:37:36.735 [info] Profiles: No changes found during synchronizing profiles.
2024-04-30 20:37:36.737 [info] Sync done. Took 524ms
2024-04-30 20:42:36.741 [info] Auto Sync: Triggered by Interval
2024-04-30 20:42:36.742 [info] Sync started.
2024-04-30 20:42:37.614 [info] Settings: No changes found during synchronizing settings.
2024-04-30 20:42:37.624 [info] Keybindings: No changes found during synchronizing keybindings.
2024-04-30 20:42:37.638 [info] Snippets: No changes found during synchronizing snippets.
2024-04-30 20:42:37.646 [info] Tasks: No changes found during synchronizing tasks.
2024-04-30 20:42:37.656 [info] GlobalState: No changes found during synchronizing ui state.
2024-04-30 20:42:37.800 [info] Extensions: No changes found during synchronizing extensions.
2024-04-30 20:42:37.802 [info] Profiles: No changes found during synchronizing profiles.
2024-04-30 20:42:37.804 [info] Sync done. Took 1064ms
2024-04-30 20:47:37.809 [info] Auto Sync: Triggered by Interval
2024-04-30 20:47:37.809 [info] Sync started.
2024-04-30 20:47:38.177 [info] Settings: No changes found during synchronizing settings.
2024-04-30 20:47:38.186 [info] Keybindings: No changes found during synchronizing keybindings.
2024-04-30 20:47:38.199 [info] Snippets: No changes found during synchronizing snippets.
2024-04-30 20:47:38.207 [info] Tasks: No changes found during synchronizing tasks.
2024-04-30 20:47:38.219 [info] GlobalState: No changes found during synchronizing ui state.
2024-04-30 20:47:38.330 [info] Extensions: No changes found during synchronizing extensions.
2024-04-30 20:47:38.333 [info] Profiles: No changes found during synchronizing profiles.
2024-04-30 20:47:38.335 [info] Sync done. Took 527ms
2024-04-30 20:52:38.348 [info] Auto Sync: Triggered by Interval
2024-04-30 20:52:38.349 [info] Sync started.
2024-04-30 20:52:39.194 [info] Settings: No changes found during synchronizing settings.
2024-04-30 20:52:39.205 [info] Keybindings: No changes found during synchronizing keybindings.
2024-04-30 20:52:39.218 [info] Snippets: No changes found during synchronizing snippets.
2024-04-30 20:52:39.227 [info] Tasks: No changes found during synchronizing tasks.
2024-04-30 20:52:39.234 [info] GlobalState: No changes found during synchronizing ui state.
2024-04-30 20:52:39.352 [info] Extensions: No changes found during synchronizing extensions.
2024-04-30 20:52:39.355 [info] Profiles: No changes found during synchronizing profiles.
2024-04-30 20:52:39.357 [info] Sync done. Took 1009ms
2024-04-30 20:57:39.366 [info] Auto Sync: Triggered by Interval
2024-04-30 20:57:39.367 [info] Sync started.
2024-04-30 20:57:39.729 [info] Settings: No changes found during synchronizing settings.
2024-04-30 20:57:39.739 [info] Keybindings: No changes found during synchronizing keybindings.
2024-04-30 20:57:39.753 [info] Snippets: No changes found during synchronizing snippets.
2024-04-30 20:57:39.762 [info] Tasks: No changes found during synchronizing tasks.
2024-04-30 20:57:39.771 [info] GlobalState: No changes found during synchronizing ui state.
2024-04-30 20:57:39.889 [info] Extensions: No changes found during synchronizing extensions.
2024-04-30 20:57:39.893 [info] Profiles: No changes found during synchronizing profiles.
2024-04-30 20:57:39.896 [info] Sync done. Took 531ms
2024-04-30 21:02:39.907 [info] Auto Sync: Triggered by Interval
2024-04-30 21:02:39.907 [info] Sync started.
2024-04-30 21:02:40.724 [info] Settings: No changes found during synchronizing settings.
2024-04-30 21:02:40.735 [info] Keybindings: No changes found during synchronizing keybindings.
2024-04-30 21:02:40.748 [info] Snippets: No changes found during synchronizing snippets.
2024-04-30 21:02:40.756 [info] Tasks: No changes found during synchronizing tasks.
2024-04-30 21:02:40.765 [info] GlobalState: No changes found during synchronizing ui state.
2024-04-30 21:02:40.877 [info] Extensions: No changes found during synchronizing extensions.
2024-04-30 21:02:40.879 [info] Profiles: No changes found during synchronizing profiles.
2024-04-30 21:02:40.882 [info] Sync done. Took 976ms
2024-04-30 21:07:40.891 [info] Auto Sync: Triggered by Interval
2024-04-30 21:07:40.891 [info] Sync started.
2024-04-30 21:07:41.231 [info] Settings: No changes found during synchronizing settings.
2024-04-30 21:07:41.240 [info] Keybindings: No changes found during synchronizing keybindings.
2024-04-30 21:07:41.251 [info] Snippets: No changes found during synchronizing snippets.
2024-04-30 21:07:41.258 [info] Tasks: No changes found during synchronizing tasks.
2024-04-30 21:07:41.267 [info] GlobalState: No changes found during synchronizing ui state.
2024-04-30 21:07:41.398 [info] Extensions: No changes found during synchronizing extensions.
2024-04-30 21:07:41.401 [info] Profiles: No changes found during synchronizing profiles.
2024-04-30 21:07:41.404 [info] Sync done. Took 514ms
2024-04-30 21:12:41.411 [info] Auto Sync: Triggered by Interval
2024-04-30 21:12:41.411 [info] Sync started.
2024-04-30 21:12:42.262 [info] Settings: No changes found during synchronizing settings.
2024-04-30 21:12:42.273 [info] Keybindings: No changes found during synchronizing keybindings.
2024-04-30 21:12:42.291 [info] Snippets: No changes found during synchronizing snippets.
2024-04-30 21:12:42.299 [info] Tasks: No changes found during synchronizing tasks.
2024-04-30 21:12:42.331 [info] GlobalState: No changes found during synchronizing ui state.
2024-04-30 21:12:42.454 [info] Extensions: No changes found during synchronizing extensions.
2024-04-30 21:12:42.456 [info] Profiles: No changes found during synchronizing profiles.
2024-04-30 21:12:42.459 [info] Sync done. Took 1049ms
2024-04-30 21:17:42.466 [info] Auto Sync: Triggered by Interval
2024-04-30 21:17:42.467 [info] Sync started.
2024-04-30 21:17:42.800 [info] Settings: No changes found during synchronizing settings.
2024-04-30 21:17:42.807 [info] Keybindings: No changes found during synchronizing keybindings.
2024-04-30 21:17:42.820 [info] Snippets: No changes found during synchronizing snippets.
2024-04-30 21:17:42.830 [info] Tasks: No changes found during synchronizing tasks.
2024-04-30 21:17:42.840 [info] GlobalState: No changes found during synchronizing ui state.
2024-04-30 21:17:42.976 [info] Extensions: No changes found during synchronizing extensions.
2024-04-30 21:17:42.980 [info] Profiles: No changes found during synchronizing profiles.
2024-04-30 21:17:42.982 [info] Sync done. Took 516ms
2024-04-30 21:22:43.009 [info] Auto Sync: Triggered by Interval
2024-04-30 21:22:43.010 [info] Sync started.
2024-04-30 21:22:43.884 [info] Settings: No changes found during synchronizing settings.
2024-04-30 21:22:43.893 [info] Keybindings: No changes found during synchronizing keybindings.
2024-04-30 21:22:43.905 [info] Snippets: No changes found during synchronizing snippets.
2024-04-30 21:22:43.913 [info] Tasks: No changes found during synchronizing tasks.
2024-04-30 21:22:43.920 [info] GlobalState: No changes found during synchronizing ui state.
2024-04-30 21:22:44.038 [info] Extensions: No changes found during synchronizing extensions.
2024-04-30 21:22:44.043 [info] Profiles: No changes found during synchronizing profiles.
2024-04-30 21:22:44.045 [info] Sync done. Took 1036ms
