2024-05-01 10:16:55.419 [info] Using settings sync service https://vscode-sync.trafficmanager.net/
2024-05-01 10:16:55.419 [info] Auto Sync is enabled.
2024-05-01 10:16:55.419 [info] Auto Sync: Suspended until auth token is available.
2024-05-01 10:16:56.502 [info] Deleting non existing profile from backup /C:/Users/yuriy/AppData/Roaming/Code/User/sync/extensions
2024-05-01 10:16:56.563 [info] Deleting non existing profile from backup /C:/Users/yuriy/AppData/Roaming/Code/User/sync/globalState
2024-05-01 10:16:56.685 [info] Deleting non existing profile from backup /C:/Users/yuriy/AppData/Roaming/Code/User/sync/keybindings
2024-05-01 10:16:56.777 [info] Deleting non existing profile from backup /C:/Users/yuriy/AppData/Roaming/Code/User/sync/profiles
2024-05-01 10:16:56.860 [info] Deleting non existing profile from backup /C:/Users/yuriy/AppData/Roaming/Code/User/sync/settings
2024-05-01 10:16:56.885 [info] Deleting non existing profile from backup /C:/Users/yuriy/AppData/Roaming/Code/User/sync/snippets
2024-05-01 10:16:56.900 [info] Deleting non existing profile from backup /C:/Users/yuriy/AppData/Roaming/Code/User/sync/tasks
2024-05-01 10:17:19.685 [info] Auto Sync: Triggered by Interval
2024-05-01 10:17:19.685 [info] Sync started.
2024-05-01 10:17:20.704 [info] Settings: Last sync resource does not exist locally.
2024-05-01 10:17:20.884 [info] Settings: No changes found during synchronizing settings.
2024-05-01 10:17:20.890 [info] Keybindings: Last sync resource does not exist locally.
2024-05-01 10:17:21.151 [info] Keybindings: No changes found during synchronizing keybindings.
2024-05-01 10:17:21.156 [info] Snippets: Last sync resource does not exist locally.
2024-05-01 10:17:21.332 [info] Snippets: No changes found during synchronizing snippets.
2024-05-01 10:17:21.337 [info] Tasks: Last sync resource does not exist locally.
2024-05-01 10:17:21.583 [info] Tasks: No changes found during synchronizing tasks.
2024-05-01 10:17:21.587 [info] GlobalState: Last sync resource does not exist locally.
2024-05-01 10:17:22.672 [info] GlobalState: Updated remote ui state. Added: nps/isCandidate,nps/skipVersion. Updated: nps/lastSessionDate,nps/sessionCount,cpp.1.lastSessionDate,cpp.1.sessionCount,java.2.lastSessionDate,java.2.sessionCount,javascript.1.lastSessionDate,javascript.1.sessionCount,typescript.1.lastSessionDate,typescript.1.sessionCount,csharp.1.lastSessionDate,csharp.1.sessionCount.
2024-05-01 10:17:22.740 [info] GlobalState: Updated last synchronized ui state
2024-05-01 10:17:22.746 [info] Extensions: Last sync resource does not exist locally.
2024-05-01 10:17:23.250 [info] Extensions: No changes found during synchronizing extensions.
2024-05-01 10:17:23.254 [info] Profiles: Last sync resource does not exist locally.
2024-05-01 10:17:23.479 [info] Profiles: No changes found during synchronizing profiles.
2024-05-01 10:17:23.488 [info] Sync done. Took 3803ms
2024-05-01 10:20:13.165 [info] Auto Sync: Triggered by Activity
2024-05-01 10:20:13.165 [info] Sync started.
2024-05-01 10:20:13.511 [info] Settings: No changes found during synchronizing settings.
2024-05-01 10:20:13.521 [info] Keybindings: No changes found during synchronizing keybindings.
2024-05-01 10:20:13.538 [info] Snippets: No changes found during synchronizing snippets.
2024-05-01 10:20:13.545 [info] Tasks: No changes found during synchronizing tasks.
2024-05-01 10:20:13.551 [info] GlobalState: No changes found during synchronizing ui state.
2024-05-01 10:20:13.684 [info] Extensions: No changes found during synchronizing extensions.
2024-05-01 10:20:13.687 [info] Profiles: No changes found during synchronizing profiles.
2024-05-01 10:20:13.690 [info] Sync done. Took 526ms
2024-05-01 10:25:07.385 [info] Auto Sync: Triggered by Activity
2024-05-01 10:25:07.385 [info] Sync started.
2024-05-01 10:25:07.725 [info] Settings: No changes found during synchronizing settings.
2024-05-01 10:25:07.733 [info] Keybindings: No changes found during synchronizing keybindings.
2024-05-01 10:25:07.746 [info] Snippets: No changes found during synchronizing snippets.
2024-05-01 10:25:07.751 [info] Tasks: No changes found during synchronizing tasks.
2024-05-01 10:25:07.758 [info] GlobalState: No changes found during synchronizing ui state.
2024-05-01 10:25:07.874 [info] Extensions: No changes found during synchronizing extensions.
2024-05-01 10:25:07.877 [info] Profiles: No changes found during synchronizing profiles.
2024-05-01 10:25:07.880 [info] Sync done. Took 496ms
2024-05-01 10:26:37.796 [info] Auto Sync: Triggered by Activity
2024-05-01 10:26:37.796 [info] Sync started.
2024-05-01 10:26:37.908 [info] Settings: No changes found during synchronizing settings.
2024-05-01 10:26:37.916 [info] Keybindings: No changes found during synchronizing keybindings.
2024-05-01 10:26:37.926 [info] Snippets: No changes found during synchronizing snippets.
2024-05-01 10:26:37.933 [info] Tasks: No changes found during synchronizing tasks.
2024-05-01 10:26:37.938 [info] GlobalState: No changes found during synchronizing ui state.
2024-05-01 10:26:38.061 [info] Extensions: No changes found during synchronizing extensions.
2024-05-01 10:26:38.063 [info] Profiles: No changes found during synchronizing profiles.
2024-05-01 10:26:38.066 [info] Sync done. Took 272ms
2024-05-01 10:29:54.301 [info] Auto Sync: Triggered by Activity
2024-05-01 10:29:54.301 [info] Sync started.
2024-05-01 10:29:55.169 [info] Settings: No changes found during synchronizing settings.
2024-05-01 10:29:55.177 [info] Keybindings: No changes found during synchronizing keybindings.
2024-05-01 10:29:55.190 [info] Snippets: No changes found during synchronizing snippets.
2024-05-01 10:29:55.198 [info] Tasks: No changes found during synchronizing tasks.
2024-05-01 10:29:55.208 [info] GlobalState: No changes found during synchronizing ui state.
2024-05-01 10:29:55.355 [info] Extensions: No changes found during synchronizing extensions.
2024-05-01 10:29:55.358 [info] Profiles: No changes found during synchronizing profiles.
2024-05-01 10:29:55.360 [info] Sync done. Took 1060ms
2024-05-01 10:31:34.352 [info] Auto Sync: Triggered by Activity
2024-05-01 10:31:34.352 [info] Sync started.
2024-05-01 10:31:34.474 [info] Settings: No changes found during synchronizing settings.
2024-05-01 10:31:34.482 [info] Keybindings: No changes found during synchronizing keybindings.
2024-05-01 10:31:34.491 [info] Snippets: No changes found during synchronizing snippets.
2024-05-01 10:31:34.497 [info] Tasks: No changes found during synchronizing tasks.
2024-05-01 10:31:34.502 [info] GlobalState: No changes found during synchronizing ui state.
2024-05-01 10:31:34.638 [info] Extensions: No changes found during synchronizing extensions.
2024-05-01 10:31:34.652 [info] Profiles: No changes found during synchronizing profiles.
2024-05-01 10:31:34.654 [info] Sync done. Took 303ms
2024-05-01 10:35:28.310 [info] Auto Sync: Triggered by Activity
2024-05-01 10:35:28.311 [info] Sync started.
2024-05-01 10:35:28.644 [info] Settings: No changes found during synchronizing settings.
2024-05-01 10:35:28.652 [info] Keybindings: No changes found during synchronizing keybindings.
2024-05-01 10:35:28.664 [info] Snippets: No changes found during synchronizing snippets.
2024-05-01 10:35:28.673 [info] Tasks: No changes found during synchronizing tasks.
2024-05-01 10:35:28.680 [info] GlobalState: No changes found during synchronizing ui state.
2024-05-01 10:35:28.782 [info] Extensions: No changes found during synchronizing extensions.
2024-05-01 10:35:28.789 [info] Profiles: No changes found during synchronizing profiles.
2024-05-01 10:35:28.792 [info] Sync done. Took 482ms
2024-05-01 10:35:44.253 [info] Auto Sync: Triggered by Activity
2024-05-01 10:35:44.253 [info] Sync started.
2024-05-01 10:35:44.357 [info] Settings: No changes found during synchronizing settings.
2024-05-01 10:35:44.367 [info] Keybindings: No changes found during synchronizing keybindings.
2024-05-01 10:35:44.379 [info] Snippets: No changes found during synchronizing snippets.
2024-05-01 10:35:44.387 [info] Tasks: No changes found during synchronizing tasks.
2024-05-01 10:35:44.393 [info] GlobalState: No changes found during synchronizing ui state.
2024-05-01 10:35:45.027 [info] Extensions: Updated remote extensions. Added: ["vincaslt.highlight-matching-tag"].
2024-05-01 10:35:45.114 [info] Extensions: Updated last synchronized extensions.
2024-05-01 10:35:45.120 [info] Profiles: No changes found during synchronizing profiles.
2024-05-01 10:35:45.124 [info] Sync done. Took 870ms
2024-05-01 10:36:59.538 [info] Auto Sync: Triggered by Activity
2024-05-01 10:36:59.539 [info] Sync started.
2024-05-01 10:36:59.644 [info] Settings: No changes found during synchronizing settings.
2024-05-01 10:36:59.652 [info] Keybindings: No changes found during synchronizing keybindings.
2024-05-01 10:36:59.666 [info] Snippets: No changes found during synchronizing snippets.
2024-05-01 10:36:59.671 [info] Tasks: No changes found during synchronizing tasks.
2024-05-01 10:36:59.676 [info] GlobalState: No changes found during synchronizing ui state.
2024-05-01 10:36:59.802 [info] Extensions: No changes found during synchronizing extensions.
2024-05-01 10:36:59.820 [info] Profiles: No changes found during synchronizing profiles.
2024-05-01 10:36:59.822 [info] Sync done. Took 284ms
2024-05-01 10:37:50.759 [info] Auto Sync: Triggered by Activity
2024-05-01 10:37:50.759 [info] Sync started.
2024-05-01 10:37:50.863 [info] Settings: No changes found during synchronizing settings.
2024-05-01 10:37:50.867 [info] Keybindings: No changes found during synchronizing keybindings.
2024-05-01 10:37:50.873 [info] Snippets: No changes found during synchronizing snippets.
2024-05-01 10:37:50.877 [info] Tasks: No changes found during synchronizing tasks.
2024-05-01 10:37:50.880 [info] GlobalState: No changes found during synchronizing ui state.
2024-05-01 10:37:50.988 [info] Extensions: No changes found during synchronizing extensions.
2024-05-01 10:37:50.990 [info] Profiles: No changes found during synchronizing profiles.
2024-05-01 10:37:50.993 [info] Sync done. Took 235ms
2024-05-01 10:40:40.569 [info] Auto Sync: Triggered by Activity
2024-05-01 10:40:40.569 [info] Sync started.
2024-05-01 10:40:41.412 [info] Settings: No changes found during synchronizing settings.
2024-05-01 10:40:41.420 [info] Keybindings: No changes found during synchronizing keybindings.
2024-05-01 10:40:41.432 [info] Snippets: No changes found during synchronizing snippets.
2024-05-01 10:40:41.439 [info] Tasks: No changes found during synchronizing tasks.
2024-05-01 10:40:41.448 [info] GlobalState: No changes found during synchronizing ui state.
2024-05-01 10:40:42.188 [info] Extensions: Updated remote extensions. Added: ["zokugun.cron-tasks"].
2024-05-01 10:40:42.361 [info] Extensions: Updated last synchronized extensions.
2024-05-01 10:40:42.366 [info] Profiles: No changes found during synchronizing profiles.
2024-05-01 10:40:42.368 [info] Sync done. Took 1800ms
2024-05-01 10:40:44.365 [info] Auto Sync: Triggered by Activity
2024-05-01 10:40:44.365 [info] Sync started.
2024-05-01 10:40:44.461 [info] Settings: No changes found during synchronizing settings.
2024-05-01 10:40:44.467 [info] Keybindings: No changes found during synchronizing keybindings.
2024-05-01 10:40:44.476 [info] Snippets: No changes found during synchronizing snippets.
2024-05-01 10:40:44.483 [info] Tasks: No changes found during synchronizing tasks.
2024-05-01 10:40:44.493 [info] GlobalState: No changes found during synchronizing ui state.
2024-05-01 10:40:45.242 [info] Extensions: Updated remote extensions. Added: ["zokugun.sync-settings"].
2024-05-01 10:40:45.307 [info] Extensions: Updated last synchronized extensions.
2024-05-01 10:40:45.314 [info] Profiles: No changes found during synchronizing profiles.
2024-05-01 10:40:45.316 [info] Sync done. Took 952ms
2024-05-01 10:41:16.312 [info] Auto Sync: Triggered by Activity
2024-05-01 10:41:16.312 [info] Sync started.
2024-05-01 10:41:16.409 [info] Settings: No changes found during synchronizing settings.
2024-05-01 10:41:16.415 [info] Keybindings: No changes found during synchronizing keybindings.
2024-05-01 10:41:16.425 [info] Snippets: No changes found during synchronizing snippets.
2024-05-01 10:41:16.434 [info] Tasks: No changes found during synchronizing tasks.
2024-05-01 10:41:16.441 [info] GlobalState: No changes found during synchronizing ui state.
2024-05-01 10:41:16.571 [info] Extensions: No changes found during synchronizing extensions.
2024-05-01 10:41:16.574 [info] Profiles: No changes found during synchronizing profiles.
2024-05-01 10:41:16.576 [info] Sync done. Took 265ms
2024-05-01 10:41:58.165 [info] Auto Sync: Triggered by Activity
2024-05-01 10:41:58.165 [info] Sync started.
2024-05-01 10:41:58.279 [info] Settings: No changes found during synchronizing settings.
2024-05-01 10:41:58.288 [info] Keybindings: No changes found during synchronizing keybindings.
2024-05-01 10:41:58.300 [info] Snippets: No changes found during synchronizing snippets.
2024-05-01 10:41:58.306 [info] Tasks: No changes found during synchronizing tasks.
2024-05-01 10:41:58.312 [info] GlobalState: No changes found during synchronizing ui state.
2024-05-01 10:41:58.445 [info] Extensions: No changes found during synchronizing extensions.
2024-05-01 10:41:58.448 [info] Profiles: No changes found during synchronizing profiles.
2024-05-01 10:41:58.449 [info] Sync done. Took 286ms
2024-05-01 10:42:27.566 [info] Auto Sync: Triggered by Activity
2024-05-01 10:42:27.566 [info] Sync started.
2024-05-01 10:42:27.673 [info] Settings: No changes found during synchronizing settings.
2024-05-01 10:42:27.681 [info] Keybindings: No changes found during synchronizing keybindings.
2024-05-01 10:42:27.694 [info] Snippets: No changes found during synchronizing snippets.
2024-05-01 10:42:27.701 [info] Tasks: No changes found during synchronizing tasks.
2024-05-01 10:42:27.707 [info] GlobalState: No changes found during synchronizing ui state.
2024-05-01 10:42:27.850 [info] Extensions: No changes found during synchronizing extensions.
2024-05-01 10:42:27.852 [info] Profiles: No changes found during synchronizing profiles.
2024-05-01 10:42:27.855 [info] Sync done. Took 290ms
2024-05-01 10:43:04.758 [info] Auto Sync: Triggered by Activity
2024-05-01 10:43:04.758 [info] Sync started.
2024-05-01 10:43:04.886 [info] Settings: No changes found during synchronizing settings.
2024-05-01 10:43:04.894 [info] Keybindings: No changes found during synchronizing keybindings.
2024-05-01 10:43:04.905 [info] Snippets: No changes found during synchronizing snippets.
2024-05-01 10:43:04.912 [info] Tasks: No changes found during synchronizing tasks.
2024-05-01 10:43:04.921 [info] GlobalState: No changes found during synchronizing ui state.
2024-05-01 10:43:05.028 [info] Extensions: No changes found during synchronizing extensions.
2024-05-01 10:43:05.030 [info] Profiles: No changes found during synchronizing profiles.
2024-05-01 10:43:05.032 [info] Sync done. Took 275ms
2024-05-01 10:43:23.213 [info] Auto Sync: Triggered by Activity
2024-05-01 10:43:23.214 [info] Sync started.
2024-05-01 10:43:23.673 [info] Settings: Updated remote settings
2024-05-01 10:43:23.726 [info] Settings: Updated last synchronized settings
2024-05-01 10:43:23.735 [info] Keybindings: No changes found during synchronizing keybindings.
2024-05-01 10:43:23.749 [info] Snippets: No changes found during synchronizing snippets.
2024-05-01 10:43:23.757 [info] Tasks: No changes found during synchronizing tasks.
2024-05-01 10:43:23.766 [info] GlobalState: No changes found during synchronizing ui state.
2024-05-01 10:43:23.920 [info] Extensions: No changes found during synchronizing extensions.
2024-05-01 10:43:23.923 [info] Profiles: No changes found during synchronizing profiles.
2024-05-01 10:43:23.924 [info] Sync done. Took 712ms
2024-05-01 10:44:54.451 [info] Auto Sync: Triggered by Activity
2024-05-01 10:44:54.451 [info] Sync started.
2024-05-01 10:44:54.553 [info] Settings: No changes found during synchronizing settings.
2024-05-01 10:44:54.560 [info] Keybindings: No changes found during synchronizing keybindings.
2024-05-01 10:44:54.570 [info] Snippets: No changes found during synchronizing snippets.
2024-05-01 10:44:54.578 [info] Tasks: No changes found during synchronizing tasks.
2024-05-01 10:44:54.587 [info] GlobalState: No changes found during synchronizing ui state.
2024-05-01 10:44:54.718 [info] Extensions: No changes found during synchronizing extensions.
2024-05-01 10:44:54.721 [info] Profiles: No changes found during synchronizing profiles.
2024-05-01 10:44:54.723 [info] Sync done. Took 273ms
2024-05-01 10:46:46.789 [info] Auto Sync: Triggered by Activity
2024-05-01 10:46:46.790 [info] Sync started.
2024-05-01 10:46:47.351 [info] Settings: Updated remote settings
2024-05-01 10:46:47.407 [info] Settings: Updated last synchronized settings
2024-05-01 10:46:47.417 [info] Keybindings: No changes found during synchronizing keybindings.
2024-05-01 10:46:47.431 [info] Snippets: No changes found during synchronizing snippets.
2024-05-01 10:46:47.439 [info] Tasks: No changes found during synchronizing tasks.
2024-05-01 10:46:47.450 [info] GlobalState: No changes found during synchronizing ui state.
2024-05-01 10:46:47.591 [info] Extensions: No changes found during synchronizing extensions.
2024-05-01 10:46:47.595 [info] Profiles: No changes found during synchronizing profiles.
2024-05-01 10:46:47.598 [info] Sync done. Took 809ms
2024-05-01 10:47:05.306 [info] Auto Sync: Triggered by Activity
2024-05-01 10:47:05.306 [info] Sync started.
2024-05-01 10:47:05.962 [info] Settings: Updated remote settings
2024-05-01 10:47:06.117 [info] Settings: Updated last synchronized settings
2024-05-01 10:47:06.126 [info] Keybindings: No changes found during synchronizing keybindings.
2024-05-01 10:47:06.136 [info] Snippets: No changes found during synchronizing snippets.
2024-05-01 10:47:06.142 [info] Tasks: No changes found during synchronizing tasks.
2024-05-01 10:47:06.148 [info] GlobalState: No changes found during synchronizing ui state.
2024-05-01 10:47:06.269 [info] Extensions: No changes found during synchronizing extensions.
2024-05-01 10:47:06.271 [info] Profiles: No changes found during synchronizing profiles.
2024-05-01 10:47:06.272 [info] Sync done. Took 967ms
