2024-05-02 10:21:41.574 [info] Using settings sync service https://vscode-sync.trafficmanager.net/
2024-05-02 10:21:41.574 [info] Auto Sync is enabled.
2024-05-02 10:21:41.574 [info] Auto Sync: Suspended until auth token is available.
2024-05-02 10:21:42.921 [info] Deleting non existing profile from backup /C:/Users/yuriy/AppData/Roaming/Code/User/sync/extensions
2024-05-02 10:21:42.924 [info] Deleting non existing profile from backup /C:/Users/yuriy/AppData/Roaming/Code/User/sync/globalState
2024-05-02 10:21:43.014 [info] Deleting non existing profile from backup /C:/Users/yuriy/AppData/Roaming/Code/User/sync/keybindings
2024-05-02 10:21:43.143 [info] Deleting non existing profile from backup /C:/Users/yuriy/AppData/Roaming/Code/User/sync/profiles
2024-05-02 10:21:43.146 [info] Deleting non existing profile from backup /C:/Users/yuriy/AppData/Roaming/Code/User/sync/settings
2024-05-02 10:21:43.150 [info] Deleting non existing profile from backup /C:/Users/yuriy/AppData/Roaming/Code/User/sync/snippets
2024-05-02 10:21:43.153 [info] Deleting non existing profile from backup /C:/Users/yuriy/AppData/Roaming/Code/User/sync/tasks
2024-05-02 10:22:43.385 [info] Auto Sync: Triggered by Interval
2024-05-02 10:22:43.385 [info] Sync started.
2024-05-02 10:22:44.339 [info] Settings: Last sync resource does not exist locally.
2024-05-02 10:22:44.683 [info] Settings: No changes found during synchronizing settings.
2024-05-02 10:22:44.687 [info] Keybindings: Last sync resource does not exist locally.
2024-05-02 10:22:44.942 [info] Keybindings: No changes found during synchronizing keybindings.
2024-05-02 10:22:44.946 [info] Snippets: Last sync resource does not exist locally.
2024-05-02 10:22:45.264 [info] Snippets: No changes found during synchronizing snippets.
2024-05-02 10:22:45.269 [info] Tasks: Last sync resource does not exist locally.
2024-05-02 10:22:45.634 [info] Tasks: No changes found during synchronizing tasks.
2024-05-02 10:22:45.638 [info] GlobalState: Last sync resource does not exist locally.
2024-05-02 10:22:46.855 [info] GlobalState: Updated remote ui state. Updated: cpp.1.lastSessionDate,cpp.1.sessionCount,java.2.lastSessionDate,java.2.sessionCount,javascript.1.lastSessionDate,javascript.1.sessionCount,typescript.1.lastSessionDate,typescript.1.sessionCount,csharp.1.lastSessionDate,csharp.1.sessionCount.
2024-05-02 10:22:46.949 [info] GlobalState: Updated last synchronized ui state
2024-05-02 10:22:46.958 [info] Extensions: Last sync resource does not exist locally.
2024-05-02 10:22:47.621 [info] Extensions: No changes found during synchronizing extensions.
2024-05-02 10:22:47.623 [info] Profiles: Last sync resource does not exist locally.
2024-05-02 10:22:48.030 [info] Profiles: No changes found during synchronizing profiles.
2024-05-02 10:22:48.031 [info] Sync done. Took 4641ms
2024-05-02 10:22:55.763 [info] Auto Sync: Triggered by Activity
2024-05-02 10:22:55.763 [info] Sync started.
2024-05-02 10:22:55.862 [info] Settings: No changes found during synchronizing settings.
2024-05-02 10:22:55.871 [info] Keybindings: No changes found during synchronizing keybindings.
2024-05-02 10:22:55.884 [info] Snippets: No changes found during synchronizing snippets.
2024-05-02 10:22:55.893 [info] Tasks: No changes found during synchronizing tasks.
2024-05-02 10:22:55.903 [info] GlobalState: No changes found during synchronizing ui state.
2024-05-02 10:22:56.046 [info] Extensions: No changes found during synchronizing extensions.
2024-05-02 10:22:56.048 [info] Profiles: No changes found during synchronizing profiles.
2024-05-02 10:22:56.050 [info] Sync done. Took 287ms
2024-05-02 10:23:38.225 [info] Auto Sync: Triggered by Activity
2024-05-02 10:23:38.225 [info] Sync started.
2024-05-02 10:23:38.323 [info] Settings: No changes found during synchronizing settings.
2024-05-02 10:23:38.332 [info] Keybindings: No changes found during synchronizing keybindings.
2024-05-02 10:23:38.341 [info] Snippets: No changes found during synchronizing snippets.
2024-05-02 10:23:38.348 [info] Tasks: No changes found during synchronizing tasks.
2024-05-02 10:23:38.354 [info] GlobalState: No changes found during synchronizing ui state.
2024-05-02 10:23:38.498 [info] Extensions: No changes found during synchronizing extensions.
2024-05-02 10:23:38.502 [info] Profiles: No changes found during synchronizing profiles.
2024-05-02 10:23:38.505 [info] Sync done. Took 281ms
2024-05-02 10:23:50.798 [info] Auto Sync: Triggered by Activity
2024-05-02 10:23:50.799 [info] Sync started.
2024-05-02 10:23:50.894 [info] Settings: No changes found during synchronizing settings.
2024-05-02 10:23:50.902 [info] Keybindings: No changes found during synchronizing keybindings.
2024-05-02 10:23:50.914 [info] Snippets: No changes found during synchronizing snippets.
2024-05-02 10:23:50.923 [info] Tasks: No changes found during synchronizing tasks.
2024-05-02 10:23:50.931 [info] GlobalState: No changes found during synchronizing ui state.
2024-05-02 10:23:51.027 [info] Extensions: No changes found during synchronizing extensions.
2024-05-02 10:23:51.028 [info] Profiles: No changes found during synchronizing profiles.
2024-05-02 10:23:51.030 [info] Sync done. Took 233ms
2024-05-02 10:24:39.570 [info] Auto Sync: Triggered by Activity
2024-05-02 10:24:39.570 [info] Sync started.
2024-05-02 10:24:39.884 [info] Settings: No changes found during synchronizing settings.
2024-05-02 10:24:39.890 [info] Keybindings: No changes found during synchronizing keybindings.
2024-05-02 10:24:39.904 [info] Snippets: No changes found during synchronizing snippets.
2024-05-02 10:24:39.912 [info] Tasks: No changes found during synchronizing tasks.
2024-05-02 10:24:40.716 [info] GlobalState: Updated remote ui state. Added: workbench.view.extension.gitlens.state.hidden,workbench.view.extension.gitlensInspect.state.hidden. Updated: workbench.scm.views.state.hidden,workbench.activity.pinnedViewlets2,workbench.panel.pinnedPanels.
2024-05-02 10:24:40.790 [info] GlobalState: Updated last synchronized ui state
2024-05-02 10:24:41.484 [info] Extensions: Updated remote extensions. Added: ["eamodio.gitlens"].
2024-05-02 10:24:41.544 [info] Extensions: Updated last synchronized extensions.
2024-05-02 10:24:41.551 [info] Profiles: No changes found during synchronizing profiles.
2024-05-02 10:24:41.554 [info] Sync done. Took 1984ms
2024-05-02 10:28:29.381 [info] Auto Sync: Triggered by Activity
2024-05-02 10:28:29.382 [info] Sync started.
2024-05-02 10:28:29.751 [info] Settings: No changes found during synchronizing settings.
2024-05-02 10:28:29.759 [info] Keybindings: No changes found during synchronizing keybindings.
2024-05-02 10:28:29.771 [info] Snippets: No changes found during synchronizing snippets.
2024-05-02 10:28:29.778 [info] Tasks: No changes found during synchronizing tasks.
2024-05-02 10:28:29.785 [info] GlobalState: No changes found during synchronizing ui state.
2024-05-02 10:28:29.907 [info] Extensions: No changes found during synchronizing extensions.
2024-05-02 10:28:29.909 [info] Profiles: No changes found during synchronizing profiles.
2024-05-02 10:28:29.911 [info] Sync done. Took 531ms
2024-05-02 10:29:29.978 [info] Auto Sync: Triggered by Activity
2024-05-02 10:29:29.978 [info] Sync started.
2024-05-02 10:29:30.547 [info] Settings: Updated remote settings
2024-05-02 10:29:30.610 [info] Settings: Updated last synchronized settings
2024-05-02 10:29:30.619 [info] Keybindings: No changes found during synchronizing keybindings.
2024-05-02 10:29:30.632 [info] Snippets: No changes found during synchronizing snippets.
2024-05-02 10:29:30.640 [info] Tasks: No changes found during synchronizing tasks.
2024-05-02 10:29:30.650 [info] GlobalState: No changes found during synchronizing ui state.
2024-05-02 10:29:30.778 [info] Extensions: No changes found during synchronizing extensions.
2024-05-02 10:29:30.784 [info] Profiles: No changes found during synchronizing profiles.
2024-05-02 10:29:30.787 [info] Sync done. Took 809ms
2024-05-02 10:33:57.250 [info] Auto Sync: Triggered by Activity
2024-05-02 10:33:57.250 [info] Sync started.
2024-05-02 10:33:58.142 [info] Settings: No changes found during synchronizing settings.
2024-05-02 10:33:58.146 [info] Keybindings: No changes found during synchronizing keybindings.
2024-05-02 10:33:58.153 [info] Snippets: No changes found during synchronizing snippets.
2024-05-02 10:33:58.156 [info] Tasks: No changes found during synchronizing tasks.
2024-05-02 10:33:58.163 [info] GlobalState: No changes found during synchronizing ui state.
2024-05-02 10:33:58.290 [info] Extensions: No changes found during synchronizing extensions.
2024-05-02 10:33:58.293 [info] Profiles: No changes found during synchronizing profiles.
2024-05-02 10:33:58.295 [info] Sync done. Took 1046ms
2024-05-02 10:34:24.078 [info] Auto Sync: Triggered by Activity
2024-05-02 10:34:24.079 [info] Sync started.
2024-05-02 10:34:24.168 [info] Settings: No changes found during synchronizing settings.
2024-05-02 10:34:24.172 [info] Keybindings: No changes found during synchronizing keybindings.
2024-05-02 10:34:24.181 [info] Snippets: No changes found during synchronizing snippets.
2024-05-02 10:34:24.186 [info] Tasks: No changes found during synchronizing tasks.
2024-05-02 10:34:25.175 [info] GlobalState: Updated remote ui state. Added: workbench.view.extension.gitlensPanel.state.hidden.
2024-05-02 10:34:25.313 [info] GlobalState: Updated last synchronized ui state
2024-05-02 10:34:25.449 [info] Extensions: No changes found during synchronizing extensions.
2024-05-02 10:34:25.450 [info] Profiles: No changes found during synchronizing profiles.
2024-05-02 10:34:25.452 [info] Sync done. Took 1374ms
2024-05-02 10:34:59.455 [info] Auto Sync: Triggered by Activity
2024-05-02 10:34:59.455 [info] Sync started.
2024-05-02 10:34:59.555 [info] Settings: No changes found during synchronizing settings.
2024-05-02 10:34:59.561 [info] Keybindings: No changes found during synchronizing keybindings.
2024-05-02 10:34:59.573 [info] Snippets: No changes found during synchronizing snippets.
2024-05-02 10:34:59.579 [info] Tasks: No changes found during synchronizing tasks.
2024-05-02 10:34:59.584 [info] GlobalState: No changes found during synchronizing ui state.
2024-05-02 10:34:59.708 [info] Extensions: No changes found during synchronizing extensions.
2024-05-02 10:34:59.713 [info] Profiles: No changes found during synchronizing profiles.
2024-05-02 10:34:59.715 [info] Sync done. Took 261ms
2024-05-02 10:35:28.541 [info] Auto Sync: Triggered by Activity
2024-05-02 10:35:28.542 [info] Sync started.
2024-05-02 10:35:28.668 [info] Settings: No changes found during synchronizing settings.
2024-05-02 10:35:28.676 [info] Keybindings: No changes found during synchronizing keybindings.
2024-05-02 10:35:28.688 [info] Snippets: No changes found during synchronizing snippets.
2024-05-02 10:35:28.696 [info] Tasks: No changes found during synchronizing tasks.
2024-05-02 10:35:28.702 [info] GlobalState: No changes found during synchronizing ui state.
2024-05-02 10:35:28.823 [info] Extensions: No changes found during synchronizing extensions.
2024-05-02 10:35:28.826 [info] Profiles: No changes found during synchronizing profiles.
2024-05-02 10:35:28.827 [info] Sync done. Took 287ms
2024-05-02 10:36:04.630 [info] Auto Sync: Triggered by Activity
2024-05-02 10:36:04.630 [info] Sync started.
2024-05-02 10:36:04.723 [info] Settings: No changes found during synchronizing settings.
2024-05-02 10:36:04.733 [info] Keybindings: No changes found during synchronizing keybindings.
2024-05-02 10:36:04.747 [info] Snippets: No changes found during synchronizing snippets.
2024-05-02 10:36:04.757 [info] Tasks: No changes found during synchronizing tasks.
2024-05-02 10:36:04.763 [info] GlobalState: No changes found during synchronizing ui state.
2024-05-02 10:36:04.896 [info] Extensions: No changes found during synchronizing extensions.
2024-05-02 10:36:04.898 [info] Profiles: No changes found during synchronizing profiles.
2024-05-02 10:36:04.901 [info] Sync done. Took 271ms
2024-05-02 10:36:14.831 [info] Auto Sync: Triggered by Activity
2024-05-02 10:36:14.831 [info] Sync started.
2024-05-02 10:36:14.944 [info] Settings: No changes found during synchronizing settings.
2024-05-02 10:36:14.954 [info] Keybindings: No changes found during synchronizing keybindings.
2024-05-02 10:36:14.967 [info] Snippets: No changes found during synchronizing snippets.
2024-05-02 10:36:14.976 [info] Tasks: No changes found during synchronizing tasks.
2024-05-02 10:36:15.796 [info] GlobalState: Updated remote ui state. Updated: workbench.scm.views.state.hidden.
2024-05-02 10:36:15.849 [info] GlobalState: Updated last synchronized ui state
2024-05-02 10:36:16.054 [info] Extensions: No changes found during synchronizing extensions.
2024-05-02 10:36:16.057 [info] Profiles: No changes found during synchronizing profiles.
2024-05-02 10:36:16.059 [info] Sync done. Took 1229ms
2024-05-02 10:36:28.432 [info] Auto Sync: Triggered by Activity
2024-05-02 10:36:28.432 [info] Sync started.
2024-05-02 10:36:28.532 [info] Settings: No changes found during synchronizing settings.
2024-05-02 10:36:28.541 [info] Keybindings: No changes found during synchronizing keybindings.
2024-05-02 10:36:28.553 [info] Snippets: No changes found during synchronizing snippets.
2024-05-02 10:36:28.561 [info] Tasks: No changes found during synchronizing tasks.
2024-05-02 10:36:28.570 [info] GlobalState: No changes found during synchronizing ui state.
2024-05-02 10:36:28.697 [info] Extensions: No changes found during synchronizing extensions.
2024-05-02 10:36:28.699 [info] Profiles: No changes found during synchronizing profiles.
2024-05-02 10:36:28.700 [info] Sync done. Took 270ms
2024-05-02 10:38:41.392 [info] Auto Sync: Triggered by Activity
2024-05-02 10:38:41.393 [info] Sync started.
2024-05-02 10:38:41.720 [info] Settings: No changes found during synchronizing settings.
2024-05-02 10:38:41.725 [info] Keybindings: No changes found during synchronizing keybindings.
2024-05-02 10:38:41.732 [info] Snippets: No changes found during synchronizing snippets.
2024-05-02 10:38:41.739 [info] Tasks: No changes found during synchronizing tasks.
2024-05-02 10:38:41.745 [info] GlobalState: No changes found during synchronizing ui state.
2024-05-02 10:38:41.889 [info] Extensions: No changes found during synchronizing extensions.
2024-05-02 10:38:41.894 [info] Profiles: No changes found during synchronizing profiles.
2024-05-02 10:38:41.896 [info] Sync done. Took 504ms
2024-05-02 10:39:48.459 [info] Auto Sync: Triggered by Activity
2024-05-02 10:39:48.460 [info] Sync started.
2024-05-02 10:39:48.561 [info] Settings: No changes found during synchronizing settings.
2024-05-02 10:39:48.566 [info] Keybindings: No changes found during synchronizing keybindings.
2024-05-02 10:39:48.573 [info] Snippets: No changes found during synchronizing snippets.
2024-05-02 10:39:48.577 [info] Tasks: No changes found during synchronizing tasks.
2024-05-02 10:39:48.581 [info] GlobalState: No changes found during synchronizing ui state.
2024-05-02 10:39:48.699 [info] Extensions: No changes found during synchronizing extensions.
2024-05-02 10:39:48.701 [info] Profiles: No changes found during synchronizing profiles.
2024-05-02 10:39:48.703 [info] Sync done. Took 244ms
2024-05-02 10:40:16.704 [info] Auto Sync: Triggered by Activity
2024-05-02 10:40:16.704 [info] Sync started.
2024-05-02 10:40:16.792 [info] Settings: No changes found during synchronizing settings.
2024-05-02 10:40:16.797 [info] Keybindings: No changes found during synchronizing keybindings.
2024-05-02 10:40:16.807 [info] Snippets: No changes found during synchronizing snippets.
2024-05-02 10:40:16.813 [info] Tasks: No changes found during synchronizing tasks.
2024-05-02 10:40:16.819 [info] GlobalState: No changes found during synchronizing ui state.
2024-05-02 10:40:16.955 [info] Extensions: No changes found during synchronizing extensions.
2024-05-02 10:40:16.958 [info] Profiles: No changes found during synchronizing profiles.
2024-05-02 10:40:16.960 [info] Sync done. Took 257ms
2024-05-02 10:40:38.435 [info] Auto Sync: Triggered by Activity
2024-05-02 10:40:38.435 [info] Sync started.
2024-05-02 10:40:38.535 [info] Settings: No changes found during synchronizing settings.
2024-05-02 10:40:38.543 [info] Keybindings: No changes found during synchronizing keybindings.
2024-05-02 10:40:38.555 [info] Snippets: No changes found during synchronizing snippets.
2024-05-02 10:40:38.563 [info] Tasks: No changes found during synchronizing tasks.
2024-05-02 10:40:38.573 [info] GlobalState: No changes found during synchronizing ui state.
2024-05-02 10:40:38.719 [info] Extensions: No changes found during synchronizing extensions.
2024-05-02 10:40:38.721 [info] Profiles: No changes found during synchronizing profiles.
2024-05-02 10:40:38.723 [info] Sync done. Took 289ms
2024-05-02 10:42:46.811 [info] Auto Sync: Triggered by Activity
2024-05-02 10:42:46.811 [info] Sync started.
2024-05-02 10:42:46.914 [info] Settings: No changes found during synchronizing settings.
2024-05-02 10:42:46.922 [info] Keybindings: No changes found during synchronizing keybindings.
2024-05-02 10:42:46.933 [info] Snippets: No changes found during synchronizing snippets.
2024-05-02 10:42:46.940 [info] Tasks: No changes found during synchronizing tasks.
2024-05-02 10:42:46.946 [info] GlobalState: No changes found during synchronizing ui state.
2024-05-02 10:42:47.068 [info] Extensions: No changes found during synchronizing extensions.
2024-05-02 10:42:47.070 [info] Profiles: No changes found during synchronizing profiles.
2024-05-02 10:42:47.072 [info] Sync done. Took 262ms
2024-05-02 10:46:31.681 [info] Auto Sync: Triggered by Activity
2024-05-02 10:46:31.682 [info] Sync started.
2024-05-02 10:46:32.557 [info] Settings: No changes found during synchronizing settings.
2024-05-02 10:46:32.563 [info] Keybindings: No changes found during synchronizing keybindings.
2024-05-02 10:46:32.574 [info] Snippets: No changes found during synchronizing snippets.
2024-05-02 10:46:32.580 [info] Tasks: No changes found during synchronizing tasks.
2024-05-02 10:46:32.586 [info] GlobalState: No changes found during synchronizing ui state.
2024-05-02 10:46:32.717 [info] Extensions: No changes found during synchronizing extensions.
2024-05-02 10:46:32.722 [info] Profiles: No changes found during synchronizing profiles.
2024-05-02 10:46:32.724 [info] Sync done. Took 1044ms
2024-05-02 10:46:54.504 [info] Auto Sync: Triggered by Activity
2024-05-02 10:46:54.504 [info] Sync started.
2024-05-02 10:46:54.664 [info] Settings: No changes found during synchronizing settings.
2024-05-02 10:46:54.673 [info] Keybindings: No changes found during synchronizing keybindings.
2024-05-02 10:46:54.685 [info] Snippets: No changes found during synchronizing snippets.
2024-05-02 10:46:54.693 [info] Tasks: No changes found during synchronizing tasks.
2024-05-02 10:46:54.699 [info] GlobalState: No changes found during synchronizing ui state.
2024-05-02 10:46:54.831 [info] Extensions: No changes found during synchronizing extensions.
2024-05-02 10:46:54.836 [info] Profiles: No changes found during synchronizing profiles.
2024-05-02 10:46:54.837 [info] Sync done. Took 335ms
2024-05-02 10:51:54.865 [info] Auto Sync: Triggered by Interval
2024-05-02 10:51:54.865 [info] Sync started.
2024-05-02 10:51:55.213 [info] Settings: No changes found during synchronizing settings.
2024-05-02 10:51:55.219 [info] Keybindings: No changes found during synchronizing keybindings.
2024-05-02 10:51:55.230 [info] Snippets: No changes found during synchronizing snippets.
2024-05-02 10:51:55.235 [info] Tasks: No changes found during synchronizing tasks.
2024-05-02 10:51:55.241 [info] GlobalState: No changes found during synchronizing ui state.
2024-05-02 10:51:55.357 [info] Extensions: No changes found during synchronizing extensions.
2024-05-02 10:51:55.359 [info] Profiles: No changes found during synchronizing profiles.
2024-05-02 10:51:55.360 [info] Sync done. Took 496ms
2024-05-02 10:56:55.382 [info] Auto Sync: Triggered by Interval
2024-05-02 10:56:55.383 [info] Sync started.
2024-05-02 10:56:56.249 [info] Settings: No changes found during synchronizing settings.
2024-05-02 10:56:56.258 [info] Keybindings: No changes found during synchronizing keybindings.
2024-05-02 10:56:56.271 [info] Snippets: No changes found during synchronizing snippets.
2024-05-02 10:56:56.279 [info] Tasks: No changes found during synchronizing tasks.
2024-05-02 10:56:56.288 [info] GlobalState: No changes found during synchronizing ui state.
2024-05-02 10:56:56.412 [info] Extensions: No changes found during synchronizing extensions.
2024-05-02 10:56:56.413 [info] Profiles: No changes found during synchronizing profiles.
2024-05-02 10:56:56.416 [info] Sync done. Took 1034ms
2024-05-02 10:57:48.508 [info] Auto Sync: Triggered by Activity
2024-05-02 10:57:48.509 [info] Sync started.
2024-05-02 10:57:48.616 [info] Settings: No changes found during synchronizing settings.
2024-05-02 10:57:48.622 [info] Keybindings: No changes found during synchronizing keybindings.
2024-05-02 10:57:48.630 [info] Snippets: No changes found during synchronizing snippets.
2024-05-02 10:57:48.636 [info] Tasks: No changes found during synchronizing tasks.
2024-05-02 10:57:48.640 [info] GlobalState: No changes found during synchronizing ui state.
2024-05-02 10:57:48.785 [info] Extensions: No changes found during synchronizing extensions.
2024-05-02 10:57:48.787 [info] Profiles: No changes found during synchronizing profiles.
2024-05-02 10:57:48.789 [info] Sync done. Took 282ms
2024-05-02 10:58:29.698 [info] Auto Sync: Triggered by Activity
2024-05-02 10:58:29.699 [info] Sync started.
2024-05-02 10:58:29.792 [info] Settings: No changes found during synchronizing settings.
2024-05-02 10:58:29.796 [info] Keybindings: No changes found during synchronizing keybindings.
2024-05-02 10:58:29.806 [info] Snippets: No changes found during synchronizing snippets.
2024-05-02 10:58:29.811 [info] Tasks: No changes found during synchronizing tasks.
2024-05-02 10:58:29.816 [info] GlobalState: No changes found during synchronizing ui state.
2024-05-02 10:58:29.937 [info] Extensions: No changes found during synchronizing extensions.
2024-05-02 10:58:29.939 [info] Profiles: No changes found during synchronizing profiles.
2024-05-02 10:58:29.941 [info] Sync done. Took 243ms
2024-05-02 10:58:48.715 [info] Auto Sync: Triggered by Activity
2024-05-02 10:58:48.716 [info] Sync started.
2024-05-02 10:58:48.813 [info] Settings: No changes found during synchronizing settings.
2024-05-02 10:58:48.819 [info] Keybindings: No changes found during synchronizing keybindings.
2024-05-02 10:58:48.828 [info] Snippets: No changes found during synchronizing snippets.
2024-05-02 10:58:48.836 [info] Tasks: No changes found during synchronizing tasks.
2024-05-02 10:58:48.842 [info] GlobalState: No changes found during synchronizing ui state.
2024-05-02 10:58:48.961 [info] Extensions: No changes found during synchronizing extensions.
2024-05-02 10:58:48.963 [info] Profiles: No changes found during synchronizing profiles.
2024-05-02 10:58:48.965 [info] Sync done. Took 250ms
2024-05-02 10:59:51.205 [info] Auto Sync: Triggered by Activity
2024-05-02 10:59:51.206 [info] Sync started.
2024-05-02 10:59:51.304 [info] Settings: No changes found during synchronizing settings.
2024-05-02 10:59:51.312 [info] Keybindings: No changes found during synchronizing keybindings.
2024-05-02 10:59:51.323 [info] Snippets: No changes found during synchronizing snippets.
2024-05-02 10:59:51.331 [info] Tasks: No changes found during synchronizing tasks.
2024-05-02 10:59:51.341 [info] GlobalState: No changes found during synchronizing ui state.
2024-05-02 10:59:51.462 [info] Extensions: No changes found during synchronizing extensions.
2024-05-02 10:59:51.463 [info] Profiles: No changes found during synchronizing profiles.
2024-05-02 10:59:51.465 [info] Sync done. Took 260ms
2024-05-02 11:00:44.482 [info] Auto Sync: Triggered by Activity
2024-05-02 11:00:44.483 [info] Sync started.
2024-05-02 11:00:44.578 [info] Settings: No changes found during synchronizing settings.
2024-05-02 11:00:44.586 [info] Keybindings: No changes found during synchronizing keybindings.
2024-05-02 11:00:44.600 [info] Snippets: No changes found during synchronizing snippets.
2024-05-02 11:00:44.607 [info] Tasks: No changes found during synchronizing tasks.
2024-05-02 11:00:44.616 [info] GlobalState: No changes found during synchronizing ui state.
2024-05-02 11:00:44.757 [info] Extensions: No changes found during synchronizing extensions.
2024-05-02 11:00:44.759 [info] Profiles: No changes found during synchronizing profiles.
2024-05-02 11:00:44.761 [info] Sync done. Took 279ms
2024-05-02 11:00:54.719 [info] Auto Sync: Triggered by Activity
2024-05-02 11:00:54.720 [info] Sync started.
2024-05-02 11:00:54.823 [info] Settings: No changes found during synchronizing settings.
2024-05-02 11:00:54.830 [info] Keybindings: No changes found during synchronizing keybindings.
2024-05-02 11:00:54.842 [info] Snippets: No changes found during synchronizing snippets.
2024-05-02 11:00:54.849 [info] Tasks: No changes found during synchronizing tasks.
2024-05-02 11:00:54.855 [info] GlobalState: No changes found during synchronizing ui state.
2024-05-02 11:00:55.509 [info] Extensions: Updated remote extensions. Removed: ["eamodio.gitlens"].
2024-05-02 11:00:55.583 [info] Extensions: Updated last synchronized extensions.
2024-05-02 11:00:55.589 [info] Profiles: No changes found during synchronizing profiles.
2024-05-02 11:00:55.593 [info] Sync done. Took 874ms
2024-05-02 11:01:05.823 [info] Auto Sync: Triggered by Activity
2024-05-02 11:01:05.823 [info] Sync started.
2024-05-02 11:01:05.912 [info] Settings: No changes found during synchronizing settings.
2024-05-02 11:01:05.916 [info] Keybindings: No changes found during synchronizing keybindings.
2024-05-02 11:01:05.921 [info] Snippets: No changes found during synchronizing snippets.
2024-05-02 11:01:05.925 [info] Tasks: No changes found during synchronizing tasks.
2024-05-02 11:01:06.789 [info] GlobalState: Updated remote ui state. Updated: workbench.explorer.views.state.hidden,workbench.activity.pinnedViewlets2,workbench.panel.pinnedPanels.
2024-05-02 11:01:06.821 [info] GlobalState: Updated last synchronized ui state
2024-05-02 11:01:06.950 [info] Extensions: No changes found during synchronizing extensions.
2024-05-02 11:01:06.952 [info] Profiles: No changes found during synchronizing profiles.
2024-05-02 11:01:06.953 [info] Sync done. Took 1131ms
2024-05-02 11:01:25.908 [info] Auto Sync: Triggered by Activity
2024-05-02 11:01:25.908 [info] Sync started.
2024-05-02 11:01:26.011 [info] Settings: No changes found during synchronizing settings.
2024-05-02 11:01:26.020 [info] Keybindings: No changes found during synchronizing keybindings.
2024-05-02 11:01:26.032 [info] Snippets: No changes found during synchronizing snippets.
2024-05-02 11:01:26.040 [info] Tasks: No changes found during synchronizing tasks.
2024-05-02 11:01:26.048 [info] GlobalState: No changes found during synchronizing ui state.
2024-05-02 11:01:26.182 [info] Extensions: No changes found during synchronizing extensions.
2024-05-02 11:01:26.185 [info] Profiles: No changes found during synchronizing profiles.
2024-05-02 11:01:26.187 [info] Sync done. Took 281ms
2024-05-02 11:01:55.815 [info] Auto Sync: Triggered by Activity
2024-05-02 11:01:55.815 [info] Sync started.
2024-05-02 11:01:55.925 [info] Settings: No changes found during synchronizing settings.
2024-05-02 11:01:55.933 [info] Keybindings: No changes found during synchronizing keybindings.
2024-05-02 11:01:55.945 [info] Snippets: No changes found during synchronizing snippets.
2024-05-02 11:01:55.953 [info] Tasks: No changes found during synchronizing tasks.
2024-05-02 11:01:55.962 [info] GlobalState: No changes found during synchronizing ui state.
2024-05-02 11:01:56.079 [info] Extensions: No changes found during synchronizing extensions.
2024-05-02 11:01:56.085 [info] Profiles: No changes found during synchronizing profiles.
2024-05-02 11:01:56.087 [info] Sync done. Took 273ms
2024-05-02 11:02:26.545 [info] Auto Sync: Triggered by Activity
2024-05-02 11:02:26.545 [info] Sync started.
2024-05-02 11:02:26.638 [info] Settings: No changes found during synchronizing settings.
2024-05-02 11:02:26.643 [info] Keybindings: No changes found during synchronizing keybindings.
2024-05-02 11:02:26.651 [info] Snippets: No changes found during synchronizing snippets.
2024-05-02 11:02:26.656 [info] Tasks: No changes found during synchronizing tasks.
2024-05-02 11:02:26.661 [info] GlobalState: No changes found during synchronizing ui state.
2024-05-02 11:02:26.769 [info] Extensions: No changes found during synchronizing extensions.
2024-05-02 11:02:26.771 [info] Profiles: No changes found during synchronizing profiles.
2024-05-02 11:02:26.772 [info] Sync done. Took 228ms
2024-05-02 11:03:02.522 [info] Auto Sync: Triggered by Activity
2024-05-02 11:03:02.522 [info] Sync started.
2024-05-02 11:03:02.632 [info] Settings: No changes found during synchronizing settings.
2024-05-02 11:03:02.640 [info] Keybindings: No changes found during synchronizing keybindings.
2024-05-02 11:03:02.652 [info] Snippets: No changes found during synchronizing snippets.
2024-05-02 11:03:02.659 [info] Tasks: No changes found during synchronizing tasks.
2024-05-02 11:03:02.664 [info] GlobalState: No changes found during synchronizing ui state.
2024-05-02 11:03:02.814 [info] Extensions: No changes found during synchronizing extensions.
2024-05-02 11:03:02.816 [info] Profiles: No changes found during synchronizing profiles.
2024-05-02 11:03:02.818 [info] Sync done. Took 297ms
2024-05-02 11:03:37.647 [info] Auto Sync: Triggered by Activity
2024-05-02 11:03:37.647 [info] Sync started.
2024-05-02 11:03:37.757 [info] Settings: No changes found during synchronizing settings.
2024-05-02 11:03:37.764 [info] Keybindings: No changes found during synchronizing keybindings.
2024-05-02 11:03:37.775 [info] Snippets: No changes found during synchronizing snippets.
2024-05-02 11:03:37.782 [info] Tasks: No changes found during synchronizing tasks.
2024-05-02 11:03:37.790 [info] GlobalState: No changes found during synchronizing ui state.
2024-05-02 11:03:37.897 [info] Extensions: No changes found during synchronizing extensions.
2024-05-02 11:03:37.901 [info] Profiles: No changes found during synchronizing profiles.
2024-05-02 11:03:37.903 [info] Sync done. Took 257ms
2024-05-02 11:04:05.428 [info] Auto Sync: Triggered by Activity
2024-05-02 11:04:05.429 [info] Sync started.
2024-05-02 11:04:05.537 [info] Settings: No changes found during synchronizing settings.
2024-05-02 11:04:05.545 [info] Keybindings: No changes found during synchronizing keybindings.
2024-05-02 11:04:05.558 [info] Snippets: No changes found during synchronizing snippets.
2024-05-02 11:04:05.565 [info] Tasks: No changes found during synchronizing tasks.
2024-05-02 11:04:05.574 [info] GlobalState: No changes found during synchronizing ui state.
2024-05-02 11:04:05.685 [info] Extensions: No changes found during synchronizing extensions.
2024-05-02 11:04:05.687 [info] Profiles: No changes found during synchronizing profiles.
2024-05-02 11:04:05.689 [info] Sync done. Took 261ms
2024-05-02 11:09:05.694 [info] Auto Sync: Triggered by Interval
2024-05-02 11:09:05.694 [info] Sync started.
2024-05-02 11:09:06.570 [info] Settings: No changes found during synchronizing settings.
2024-05-02 11:09:06.582 [info] Keybindings: No changes found during synchronizing keybindings.
2024-05-02 11:09:06.598 [info] Snippets: No changes found during synchronizing snippets.
2024-05-02 11:09:06.605 [info] Tasks: No changes found during synchronizing tasks.
2024-05-02 11:09:06.611 [info] GlobalState: No changes found during synchronizing ui state.
2024-05-02 11:09:06.725 [info] Extensions: No changes found during synchronizing extensions.
2024-05-02 11:09:06.729 [info] Profiles: No changes found during synchronizing profiles.
2024-05-02 11:09:06.732 [info] Sync done. Took 1039ms
2024-05-02 11:09:17.518 [info] Auto Sync: Triggered by Activity
2024-05-02 11:09:17.518 [info] Sync started.
2024-05-02 11:09:17.621 [info] Settings: No changes found during synchronizing settings.
2024-05-02 11:09:17.628 [info] Keybindings: No changes found during synchronizing keybindings.
2024-05-02 11:09:17.640 [info] Snippets: No changes found during synchronizing snippets.
2024-05-02 11:09:17.648 [info] Tasks: No changes found during synchronizing tasks.
2024-05-02 11:09:17.656 [info] GlobalState: No changes found during synchronizing ui state.
2024-05-02 11:09:17.777 [info] Extensions: No changes found during synchronizing extensions.
2024-05-02 11:09:17.779 [info] Profiles: No changes found during synchronizing profiles.
2024-05-02 11:09:17.781 [info] Sync done. Took 263ms
2024-05-02 11:13:06.355 [info] Auto Sync: Triggered by Activity
2024-05-02 11:13:06.355 [info] Sync started.
2024-05-02 11:13:06.693 [info] Settings: No changes found during synchronizing settings.
2024-05-02 11:13:06.700 [info] Keybindings: No changes found during synchronizing keybindings.
2024-05-02 11:13:06.711 [info] Snippets: No changes found during synchronizing snippets.
2024-05-02 11:13:06.721 [info] Tasks: No changes found during synchronizing tasks.
2024-05-02 11:13:06.730 [info] GlobalState: No changes found during synchronizing ui state.
2024-05-02 11:13:06.843 [info] Extensions: No changes found during synchronizing extensions.
2024-05-02 11:13:06.846 [info] Profiles: No changes found during synchronizing profiles.
2024-05-02 11:13:06.848 [info] Sync done. Took 494ms
2024-05-02 11:13:22.868 [info] Auto Sync: Triggered by Activity
2024-05-02 11:13:22.868 [info] Sync started.
2024-05-02 11:13:22.981 [info] Settings: No changes found during synchronizing settings.
2024-05-02 11:13:22.989 [info] Keybindings: No changes found during synchronizing keybindings.
2024-05-02 11:13:23.000 [info] Snippets: No changes found during synchronizing snippets.
2024-05-02 11:13:23.006 [info] Tasks: No changes found during synchronizing tasks.
2024-05-02 11:13:23.012 [info] GlobalState: No changes found during synchronizing ui state.
2024-05-02 11:13:23.134 [info] Extensions: No changes found during synchronizing extensions.
2024-05-02 11:13:23.137 [info] Profiles: No changes found during synchronizing profiles.
2024-05-02 11:13:23.139 [info] Sync done. Took 271ms
2024-05-02 11:13:37.143 [info] Auto Sync: Triggered by Activity
2024-05-02 11:13:37.143 [info] Sync started.
2024-05-02 11:13:37.260 [info] Settings: No changes found during synchronizing settings.
2024-05-02 11:13:37.268 [info] Keybindings: No changes found during synchronizing keybindings.
2024-05-02 11:13:37.281 [info] Snippets: No changes found during synchronizing snippets.
2024-05-02 11:13:37.289 [info] Tasks: No changes found during synchronizing tasks.
2024-05-02 11:13:37.865 [info] GlobalState: Updated remote ui state. Updated: workbench.activity.pinnedViewlets2,workbench.panel.pinnedPanels.
2024-05-02 11:13:37.978 [info] GlobalState: Updated last synchronized ui state
2024-05-02 11:13:38.648 [info] Extensions: Updated remote extensions. Added: ["eamodio.gitlens"].
2024-05-02 11:13:38.707 [info] Extensions: Updated last synchronized extensions.
2024-05-02 11:13:38.713 [info] Profiles: No changes found during synchronizing profiles.
2024-05-02 11:13:38.715 [info] Sync done. Took 1573ms
2024-05-02 11:14:46.591 [info] Auto Sync: Triggered by Activity
2024-05-02 11:14:46.592 [info] Sync started.
2024-05-02 11:14:46.689 [info] Settings: No changes found during synchronizing settings.
2024-05-02 11:14:46.697 [info] Keybindings: No changes found during synchronizing keybindings.
2024-05-02 11:14:46.709 [info] Snippets: No changes found during synchronizing snippets.
2024-05-02 11:14:46.716 [info] Tasks: No changes found during synchronizing tasks.
2024-05-02 11:14:46.724 [info] GlobalState: No changes found during synchronizing ui state.
2024-05-02 11:14:46.846 [info] Extensions: No changes found during synchronizing extensions.
2024-05-02 11:14:46.848 [info] Profiles: No changes found during synchronizing profiles.
2024-05-02 11:14:46.850 [info] Sync done. Took 262ms
2024-05-02 11:16:17.918 [info] Auto Sync: Triggered by Activity
2024-05-02 11:16:17.918 [info] Sync started.
2024-05-02 11:16:18.017 [info] Settings: No changes found during synchronizing settings.
2024-05-02 11:16:18.023 [info] Keybindings: No changes found during synchronizing keybindings.
2024-05-02 11:16:18.031 [info] Snippets: No changes found during synchronizing snippets.
2024-05-02 11:16:18.036 [info] Tasks: No changes found during synchronizing tasks.
2024-05-02 11:16:18.041 [info] GlobalState: No changes found during synchronizing ui state.
2024-05-02 11:16:18.168 [info] Extensions: No changes found during synchronizing extensions.
2024-05-02 11:16:18.170 [info] Profiles: No changes found during synchronizing profiles.
2024-05-02 11:16:18.172 [info] Sync done. Took 255ms
2024-05-02 11:16:41.673 [info] Auto Sync: Triggered by Activity
2024-05-02 11:16:41.673 [info] Sync started.
2024-05-02 11:16:41.771 [info] Settings: No changes found during synchronizing settings.
2024-05-02 11:16:41.778 [info] Keybindings: No changes found during synchronizing keybindings.
2024-05-02 11:16:41.787 [info] Snippets: No changes found during synchronizing snippets.
2024-05-02 11:16:41.795 [info] Tasks: No changes found during synchronizing tasks.
2024-05-02 11:16:41.801 [info] GlobalState: No changes found during synchronizing ui state.
2024-05-02 11:16:41.948 [info] Extensions: No changes found during synchronizing extensions.
2024-05-02 11:16:41.949 [info] Profiles: No changes found during synchronizing profiles.
2024-05-02 11:16:41.952 [info] Sync done. Took 280ms
2024-05-02 11:17:27.397 [info] Auto Sync: Triggered by Activity
2024-05-02 11:17:27.397 [info] Sync started.
2024-05-02 11:17:27.509 [info] Settings: No changes found during synchronizing settings.
2024-05-02 11:17:27.516 [info] Keybindings: No changes found during synchronizing keybindings.
2024-05-02 11:17:27.528 [info] Snippets: No changes found during synchronizing snippets.
2024-05-02 11:17:27.535 [info] Tasks: No changes found during synchronizing tasks.
2024-05-02 11:17:27.542 [info] GlobalState: No changes found during synchronizing ui state.
2024-05-02 11:17:27.673 [info] Extensions: No changes found during synchronizing extensions.
2024-05-02 11:17:27.675 [info] Profiles: No changes found during synchronizing profiles.
2024-05-02 11:17:27.677 [info] Sync done. Took 280ms
2024-05-02 11:17:38.071 [info] Auto Sync: Triggered by Activity
2024-05-02 11:17:38.072 [info] Sync started.
2024-05-02 11:17:38.176 [info] Settings: No changes found during synchronizing settings.
2024-05-02 11:17:38.183 [info] Keybindings: No changes found during synchronizing keybindings.
2024-05-02 11:17:38.193 [info] Snippets: No changes found during synchronizing snippets.
2024-05-02 11:17:38.201 [info] Tasks: No changes found during synchronizing tasks.
2024-05-02 11:17:38.210 [info] GlobalState: No changes found during synchronizing ui state.
2024-05-02 11:17:38.817 [info] Extensions: Updated remote extensions. Removed: ["eamodio.gitlens"].
2024-05-02 11:17:38.848 [info] Extensions: Updated last synchronized extensions.
2024-05-02 11:17:38.855 [info] Profiles: No changes found during synchronizing profiles.
2024-05-02 11:17:38.856 [info] Sync done. Took 785ms
2024-05-02 11:17:44.537 [info] Auto Sync: Triggered by Activity
2024-05-02 11:17:44.537 [info] Sync started.
2024-05-02 11:17:44.637 [info] Settings: No changes found during synchronizing settings.
2024-05-02 11:17:44.641 [info] Keybindings: No changes found during synchronizing keybindings.
2024-05-02 11:17:44.647 [info] Snippets: No changes found during synchronizing snippets.
2024-05-02 11:17:44.652 [info] Tasks: No changes found during synchronizing tasks.
2024-05-02 11:17:45.122 [info] GlobalState: Updated remote ui state. Updated: workbench.activity.pinnedViewlets2,workbench.panel.pinnedPanels.
2024-05-02 11:17:45.391 [info] GlobalState: Updated last synchronized ui state
2024-05-02 11:17:45.530 [info] Extensions: No changes found during synchronizing extensions.
2024-05-02 11:17:45.532 [info] Profiles: No changes found during synchronizing profiles.
2024-05-02 11:17:45.533 [info] Sync done. Took 997ms
2024-05-02 11:18:30.462 [info] Auto Sync: Triggered by Activity
2024-05-02 11:18:30.463 [info] Sync started.
2024-05-02 11:18:30.560 [info] Settings: No changes found during synchronizing settings.
2024-05-02 11:18:30.565 [info] Keybindings: No changes found during synchronizing keybindings.
2024-05-02 11:18:30.573 [info] Snippets: No changes found during synchronizing snippets.
2024-05-02 11:18:30.577 [info] Tasks: No changes found during synchronizing tasks.
2024-05-02 11:18:30.582 [info] GlobalState: No changes found during synchronizing ui state.
2024-05-02 11:18:30.682 [info] Extensions: No changes found during synchronizing extensions.
2024-05-02 11:18:30.684 [info] Profiles: No changes found during synchronizing profiles.
2024-05-02 11:18:30.687 [info] Sync done. Took 225ms
2024-05-02 11:20:26.617 [info] Auto Sync: Triggered by Activity
2024-05-02 11:20:26.617 [info] Sync started.
2024-05-02 11:20:27.178 [info] Settings: No changes found during synchronizing settings.
2024-05-02 11:20:27.184 [info] Keybindings: No changes found during synchronizing keybindings.
2024-05-02 11:20:27.196 [info] Snippets: No changes found during synchronizing snippets.
2024-05-02 11:20:27.202 [info] Tasks: No changes found during synchronizing tasks.
2024-05-02 11:20:27.208 [info] GlobalState: No changes found during synchronizing ui state.
2024-05-02 11:20:27.353 [info] Extensions: No changes found during synchronizing extensions.
2024-05-02 11:20:27.366 [info] Profiles: No changes found during synchronizing profiles.
2024-05-02 11:20:27.368 [info] Sync done. Took 752ms
2024-05-02 11:23:14.435 [info] Auto Sync: Triggered by Activity
2024-05-02 11:23:14.436 [info] Sync started.
2024-05-02 11:23:14.779 [info] Settings: No changes found during synchronizing settings.
2024-05-02 11:23:14.785 [info] Keybindings: No changes found during synchronizing keybindings.
2024-05-02 11:23:14.794 [info] Snippets: No changes found during synchronizing snippets.
2024-05-02 11:23:14.801 [info] Tasks: No changes found during synchronizing tasks.
2024-05-02 11:23:14.807 [info] GlobalState: No changes found during synchronizing ui state.
2024-05-02 11:23:14.934 [info] Extensions: No changes found during synchronizing extensions.
2024-05-02 11:23:14.936 [info] Profiles: No changes found during synchronizing profiles.
2024-05-02 11:23:14.939 [info] Sync done. Took 504ms
2024-05-02 11:24:12.503 [info] Auto Sync: Triggered by Activity
2024-05-02 11:24:12.503 [info] Sync started.
2024-05-02 11:24:12.601 [info] Settings: No changes found during synchronizing settings.
2024-05-02 11:24:12.609 [info] Keybindings: No changes found during synchronizing keybindings.
2024-05-02 11:24:12.622 [info] Snippets: No changes found during synchronizing snippets.
2024-05-02 11:24:12.630 [info] Tasks: No changes found during synchronizing tasks.
2024-05-02 11:24:12.638 [info] GlobalState: No changes found during synchronizing ui state.
2024-05-02 11:24:12.756 [info] Extensions: No changes found during synchronizing extensions.
2024-05-02 11:24:12.758 [info] Profiles: No changes found during synchronizing profiles.
2024-05-02 11:24:12.760 [info] Sync done. Took 258ms
2024-05-02 11:24:55.562 [info] Auto Sync: Triggered by Activity
2024-05-02 11:24:55.563 [info] Sync started.
2024-05-02 11:24:55.663 [info] Settings: No changes found during synchronizing settings.
2024-05-02 11:24:55.670 [info] Keybindings: No changes found during synchronizing keybindings.
2024-05-02 11:24:55.682 [info] Snippets: No changes found during synchronizing snippets.
2024-05-02 11:24:55.691 [info] Tasks: No changes found during synchronizing tasks.
2024-05-02 11:24:55.698 [info] GlobalState: No changes found during synchronizing ui state.
2024-05-02 11:24:55.855 [info] Extensions: No changes found during synchronizing extensions.
2024-05-02 11:24:55.857 [info] Profiles: No changes found during synchronizing profiles.
2024-05-02 11:24:55.860 [info] Sync done. Took 298ms
2024-05-02 11:25:01.212 [info] Auto Sync: Triggered by Activity
2024-05-02 11:25:01.212 [info] Sync started.
2024-05-02 11:25:01.309 [info] Settings: No changes found during synchronizing settings.
2024-05-02 11:25:01.317 [info] Keybindings: No changes found during synchronizing keybindings.
2024-05-02 11:25:01.332 [info] Snippets: No changes found during synchronizing snippets.
2024-05-02 11:25:01.338 [info] Tasks: No changes found during synchronizing tasks.
2024-05-02 11:25:01.907 [info] GlobalState: Updated remote ui state. Added: terminal.integrated.showTerminalConfigPrompt.
2024-05-02 11:25:01.953 [info] GlobalState: Updated last synchronized ui state
2024-05-02 11:25:02.107 [info] Extensions: No changes found during synchronizing extensions.
2024-05-02 11:25:02.110 [info] Profiles: No changes found during synchronizing profiles.
2024-05-02 11:25:02.112 [info] Sync done. Took 901ms
2024-05-02 11:30:02.117 [info] Auto Sync: Triggered by Interval
2024-05-02 11:30:02.117 [info] Sync started.
2024-05-02 11:30:02.441 [info] Settings: No changes found during synchronizing settings.
2024-05-02 11:30:02.449 [info] Keybindings: No changes found during synchronizing keybindings.
2024-05-02 11:30:02.462 [info] Snippets: No changes found during synchronizing snippets.
2024-05-02 11:30:02.470 [info] Tasks: No changes found during synchronizing tasks.
2024-05-02 11:30:02.478 [info] GlobalState: No changes found during synchronizing ui state.
2024-05-02 11:30:02.597 [info] Extensions: No changes found during synchronizing extensions.
2024-05-02 11:30:02.600 [info] Profiles: No changes found during synchronizing profiles.
2024-05-02 11:30:02.602 [info] Sync done. Took 487ms
2024-05-02 11:33:49.423 [info] Auto Sync: Triggered by Activity
2024-05-02 11:33:49.423 [info] Sync started.
2024-05-02 11:33:50.291 [info] Settings: No changes found during synchronizing settings.
2024-05-02 11:33:50.298 [info] Keybindings: No changes found during synchronizing keybindings.
2024-05-02 11:33:50.309 [info] Snippets: No changes found during synchronizing snippets.
2024-05-02 11:33:50.314 [info] Tasks: No changes found during synchronizing tasks.
2024-05-02 11:33:50.320 [info] GlobalState: No changes found during synchronizing ui state.
2024-05-02 11:33:50.432 [info] Extensions: No changes found during synchronizing extensions.
2024-05-02 11:33:50.434 [info] Profiles: No changes found during synchronizing profiles.
2024-05-02 11:33:50.436 [info] Sync done. Took 1013ms
2024-05-02 11:38:50.447 [info] Auto Sync: Triggered by Interval
2024-05-02 11:38:50.448 [info] Sync started.
2024-05-02 11:38:50.779 [info] Settings: No changes found during synchronizing settings.
2024-05-02 11:38:50.787 [info] Keybindings: No changes found during synchronizing keybindings.
2024-05-02 11:38:50.798 [info] Snippets: No changes found during synchronizing snippets.
2024-05-02 11:38:50.805 [info] Tasks: No changes found during synchronizing tasks.
2024-05-02 11:38:50.814 [info] GlobalState: No changes found during synchronizing ui state.
2024-05-02 11:38:50.927 [info] Extensions: No changes found during synchronizing extensions.
2024-05-02 11:38:50.929 [info] Profiles: No changes found during synchronizing profiles.
2024-05-02 11:38:50.932 [info] Sync done. Took 486ms
2024-05-02 11:43:50.941 [info] Auto Sync: Triggered by Interval
2024-05-02 11:43:50.942 [info] Sync started.
2024-05-02 11:43:51.799 [info] Settings: No changes found during synchronizing settings.
2024-05-02 11:43:51.806 [info] Keybindings: No changes found during synchronizing keybindings.
2024-05-02 11:43:51.817 [info] Snippets: No changes found during synchronizing snippets.
2024-05-02 11:43:51.824 [info] Tasks: No changes found during synchronizing tasks.
2024-05-02 11:43:51.833 [info] GlobalState: No changes found during synchronizing ui state.
2024-05-02 11:43:51.956 [info] Extensions: No changes found during synchronizing extensions.
2024-05-02 11:43:51.961 [info] Profiles: No changes found during synchronizing profiles.
2024-05-02 11:43:51.963 [info] Sync done. Took 1022ms
2024-05-02 11:48:14.477 [info] Auto Sync: Triggered by Activity
2024-05-02 11:48:14.478 [info] Sync started.
2024-05-02 11:48:14.841 [info] Settings: No changes found during synchronizing settings.
2024-05-02 11:48:14.851 [info] Keybindings: No changes found during synchronizing keybindings.
2024-05-02 11:48:14.863 [info] Snippets: No changes found during synchronizing snippets.
2024-05-02 11:48:14.871 [info] Tasks: No changes found during synchronizing tasks.
2024-05-02 11:48:14.880 [info] GlobalState: No changes found during synchronizing ui state.
2024-05-02 11:48:14.996 [info] Extensions: No changes found during synchronizing extensions.
2024-05-02 11:48:14.998 [info] Profiles: No changes found during synchronizing profiles.
2024-05-02 11:48:15.000 [info] Sync done. Took 524ms
